<?xml version="1.0" encoding="UTF-8"?>
<testsuites name="Mobile Automation Test Suite" time="3282" tests="10" failures="0" errors="0">
   <testsuite name="Mobile Automation Test Suite" tests="10" failures="0" errors="0" time="3282" timestamp="2017-08-24 11:37:21" hostname="Sahil.Dheer - suslap-2015-112.sus.local" id="Test Suites/Mobile Automation Test Suite">
      <properties>
         <property name="deviceName" value=""/>
         <property name="devicePlatform" value=""/>
         <property name="logFolder" value="E:\\Katalon_Studio_Windows_64-4.7.1\\Mobile Automation\\Reports\\Mobile Automation Test Suite\\20170824_113719"/>
         <property name="logFiles" value="E:\\Katalon_Studio_Windows_64-4.7.1\\Mobile Automation\\Reports\\Mobile Automation Test Suite\\20170824_113719\\appium.log, E:\\Katalon_Studio_Windows_64-4.7.1\\Mobile Automation\\Reports\\Mobile Automation Test Suite\\20170824_113719\\execution0.log"/>
         <property name="attachments" value=""/>
         <property name="hostName" value="Sahil.Dheer - suslap-2015-112.sus.local"/>
         <property name="hostAddress" value="192.168.56.1"/>
         <property name="os" value="Windows 7 64bit"/>
         <property name="katalonVersion" value="4.7.1.1"/>
         <property name="appiumVersion" value="1.6.5"/>
      </properties>
      <testcase name="Test Cases/PreLogIn" classname="Test Cases/PreLogIn" status="PASSED">
         <system-out><![CDATA[2017-08-24 11:37:22 - [TEST_CASE][PASSED] - Test Cases/PreLogIn: Test Cases/PreLogIn

2017-08-24 11:37:23 - [TEST_STEP][PASSED] - Statement - messageText = null: null

2017-08-24 11:37:23 - [TEST_STEP][PASSED] - Statement - transactionId = null: null

2017-08-24 11:37:23 - [TEST_STEP][PASSED] - startApplication: Started app at: 'E:\app-debug.apk'

2017-08-24 11:38:13 - [MESSAGE][PASSED] - Started app at: 'E:\app-debug.apk'

2017-08-24 11:38:13 - [TEST_STEP][PASSED] - delay: Delayed 30 second(s)

2017-08-24 11:38:43 - [MESSAGE][PASSED] - Delayed 30 second(s)

2017-08-24 11:38:43 - [TEST_STEP][PASSED] - getCurrentOrientation: Current screen orientation of the device is 'portrait'

2017-08-24 11:38:44 - [MESSAGE][PASSED] - Current screen orientation of the device is 'portrait'

2017-08-24 11:38:44 - [TEST_STEP][PASSED] - getDeviceHeight: Current device physical height is 1920

2017-08-24 11:38:44 - [MESSAGE][PASSED] - Current device physical height is 1920

2017-08-24 11:38:44 - [TEST_STEP][PASSED] - getDeviceOS: Device OS name is: 'Android'

2017-08-24 11:38:44 - [MESSAGE][PASSED] - Device OS name is: 'Android'

2017-08-24 11:38:44 - [TEST_STEP][PASSED] - getDeviceOSVersion: Device OS version is: '5.0.1'

2017-08-24 11:38:44 - [MESSAGE][PASSED] - Device OS version is: '5.0.1'

2017-08-24 11:38:44 - [TEST_STEP][PASSED] - delay: Delayed 30 second(s)

2017-08-24 11:39:14 - [MESSAGE][PASSED] - Delayed 30 second(s)

2017-08-24 11:39:14 - [TEST_STEP][PASSED] - Statement - sDeviceVersion = com.kms.katalon.core.mobile.keyword.MobileBuiltInKeywords.getDeviceOSVersion(): Device OS version is: '5.0.1'

2017-08-24 11:39:14 - [MESSAGE][PASSED] - Device OS version is: '5.0.1'

2017-08-24 11:39:14 - [TEST_STEP][PASSED] - Statement - s2 = sDeviceVersion.split("\."): null

2017-08-24 11:39:14 - [TEST_STEP][PASSED] - Statement - s3 = s2[0]: null

2017-08-24 11:39:14 - [TEST_STEP][PASSED] - Statement - iAndroidVersion = java.lang.Integer.parseInt(s3): null

2017-08-24 11:39:14 - [TEST_STEP][PASSED] - getDeviceWidth: Current device physical width is 1080

2017-08-24 11:39:14 - [MESSAGE][PASSED] - Current device physical width is 1080

2017-08-24 11:39:14 - [TEST_STEP][PASSED] - Statement - If (iAndroidVersion > 5): null

2017-08-24 11:39:14 - [TEST_STEP][PASSED] - Statement - Else: null

2017-08-24 11:39:14 - [TEST_STEP][PASSED] - Statement - out.println("Device Version less than 5.0, so no permissions displayed"): null

2017-08-24 11:39:14 - [TEST_STEP][PASSED] - delay: Delayed 120 second(s)

2017-08-24 11:41:14 - [MESSAGE][PASSED] - Delayed 120 second(s)

2017-08-24 11:41:14 - [TEST_STEP][PASSED] - Statement - If (com.kms.katalon.core.mobile.keyword.MobileBuiltInKeywords.verifyElementVisible(com.kms.katalon.core.testobject.ObjectRepository.findTestObject(SCM Mobile/PreLogin/PreLogin Client Logo), 3) == true): null

2017-08-24 11:41:15 - [MESSAGE][PASSED] - Element 'Object Repository/SCM Mobile/PreLogin/PreLogin Client Logo' is visible

2017-08-24 11:41:15 - [TEST_STEP][PASSED] - Statement - out.println("Client Logo is Displayed"): null

2017-08-24 11:41:15 - [TEST_STEP][PASSED] - Statement - If (com.kms.katalon.core.mobile.keyword.MobileBuiltInKeywords.verifyElementVisible(com.kms.katalon.core.testobject.ObjectRepository.findTestObject(SCM Mobile/PreLogin/MoreOptionsMenu), 3) == true): null

2017-08-24 11:41:15 - [MESSAGE][PASSED] - Element 'Object Repository/SCM Mobile/PreLogin/MoreOptionsMenu' is visible

2017-08-24 11:41:15 - [TEST_STEP][PASSED] - Statement - out.println("More Option Icon is Displayed"): null

2017-08-24 11:41:15 - [TEST_STEP][PASSED] - tap: Tapped on element 'Object Repository/SCM Mobile/PreLogin/MoreOptionsMenu'

2017-08-24 11:41:16 - [MESSAGE][PASSED] - Tapped on element 'Object Repository/SCM Mobile/PreLogin/MoreOptionsMenu'

2017-08-24 11:41:16 - [TEST_STEP][PASSED] - Statement - If (com.kms.katalon.core.mobile.keyword.MobileBuiltInKeywords.verifyElementVisible(com.kms.katalon.core.testobject.ObjectRepository.findTestObject(SCM Mobile/PreLogin/MoreOptionsMenu Application CopyRight Text), 3) == true): null

2017-08-24 11:41:17 - [MESSAGE][PASSED] - Element 'Object Repository/SCM Mobile/PreLogin/MoreOptionsMenu Application CopyRight Text' is visible

2017-08-24 11:41:17 - [TEST_STEP][PASSED] - Statement - out.println("Application CopyRight is Displayed"): null

2017-08-24 11:41:17 - [TEST_STEP][PASSED] - Statement - messageText = com.kms.katalon.core.mobile.keyword.MobileBuiltInKeywords.getAttribute(com.kms.katalon.core.testobject.ObjectRepository.findTestObject(SCM Mobile/PreLogin/MoreOptionsMenu Application CopyRight Text), "text", 5, CONTINUE_ON_FAILURE): Element 'Object Repository/SCM Mobile/PreLogin/MoreOptionsMenu Application CopyRight Text' has attribute 'text' is 'Copyright © 2017 Smart Energy Systems | All rights reserved.'

2017-08-24 11:41:18 - [MESSAGE][PASSED] - Element 'Object Repository/SCM Mobile/PreLogin/MoreOptionsMenu Application CopyRight Text' has attribute 'text' is 'Copyright © 2017 Smart Energy Systems | All rights reserved.'

2017-08-24 11:41:18 - [TEST_STEP][PASSED] - Statement - If (messageText.equals("Copyright © 2017 Smart Energy Systems | All rights reserved.")): null

2017-08-24 11:41:18 - [TEST_STEP][PASSED] - Statement - out.println("Copyright © Text is matching with the Expected Text"): null

2017-08-24 11:41:18 - [TEST_STEP][PASSED] - Statement - If (com.kms.katalon.core.mobile.keyword.MobileBuiltInKeywords.verifyElementVisible(com.kms.katalon.core.testobject.ObjectRepository.findTestObject(SCM Mobile/PreLogin/MoreOptionsMenu Application Environment and ReleaseDate), 3) == true): null

2017-08-24 11:41:18 - [MESSAGE][PASSED] - Element 'Object Repository/SCM Mobile/PreLogin/MoreOptionsMenu Application Environment and ReleaseDate' is visible

2017-08-24 11:41:18 - [TEST_STEP][PASSED] - Statement - out.println("Environment and Release Date is Displayed"): null

2017-08-24 11:41:18 - [TEST_STEP][PASSED] - Statement - messageText = com.kms.katalon.core.mobile.keyword.MobileBuiltInKeywords.getAttribute(com.kms.katalon.core.testobject.ObjectRepository.findTestObject(SCM Mobile/PreLogin/MoreOptionsMenu Application Environment and ReleaseDate), "text", 5, CONTINUE_ON_FAILURE): Element 'Object Repository/SCM Mobile/PreLogin/MoreOptionsMenu Application Environment and ReleaseDate' has attribute 'text' is 'QA | 15/June'

2017-08-24 11:41:18 - [MESSAGE][PASSED] - Element 'Object Repository/SCM Mobile/PreLogin/MoreOptionsMenu Application Environment and ReleaseDate' has attribute 'text' is 'QA | 15/June'

2017-08-24 11:41:18 - [TEST_STEP][PASSED] - Statement - If (messageText.equals("QA | 15/June")): null

2017-08-24 11:41:18 - [TEST_STEP][PASSED] - Statement - out.println("Environment and ReleaseDate is matching with the Expeced Text"): null

2017-08-24 11:41:18 - [TEST_STEP][PASSED] - Statement - If (com.kms.katalon.core.mobile.keyword.MobileBuiltInKeywords.verifyElementVisible(com.kms.katalon.core.testobject.ObjectRepository.findTestObject(SCM Mobile/PreLogin/MoreOptionsMenu Application Version), 3) == true): null

2017-08-24 11:41:19 - [MESSAGE][PASSED] - Element 'Object Repository/SCM Mobile/PreLogin/MoreOptionsMenu Application Version' is visible

2017-08-24 11:41:19 - [TEST_STEP][PASSED] - Statement - out.println("Application Version is Displayed"): null

2017-08-24 11:41:19 - [TEST_STEP][PASSED] - Statement - messageText = com.kms.katalon.core.mobile.keyword.MobileBuiltInKeywords.getAttribute(com.kms.katalon.core.testobject.ObjectRepository.findTestObject(SCM Mobile/PreLogin/MoreOptionsMenu Application Version), "text", 5, CONTINUE_ON_FAILURE): Element 'Object Repository/SCM Mobile/PreLogin/MoreOptionsMenu Application Version' has attribute 'text' is 'Version: 6.7'

2017-08-24 11:41:19 - [MESSAGE][PASSED] - Element 'Object Repository/SCM Mobile/PreLogin/MoreOptionsMenu Application Version' has attribute 'text' is 'Version: 6.7'

2017-08-24 11:41:19 - [TEST_STEP][PASSED] - Statement - If (messageText.equals("Version: 6.7")): null

2017-08-24 11:41:19 - [TEST_STEP][PASSED] - Statement - out.println("Application Version is matching with the Expeced Text"): null

2017-08-24 11:41:19 - [TEST_STEP][PASSED] - Statement - If (com.kms.katalon.core.mobile.keyword.MobileBuiltInKeywords.verifyElementVisible(com.kms.katalon.core.testobject.ObjectRepository.findTestObject(SCM Mobile/PreLogin/MoreOptionsMenu Company Logo), 3) == true): null

2017-08-24 11:41:20 - [MESSAGE][PASSED] - Element 'Object Repository/SCM Mobile/PreLogin/MoreOptionsMenu Company Logo' is visible

2017-08-24 11:41:20 - [TEST_STEP][PASSED] - Statement - out.println("Company Logo is Displayed"): null

2017-08-24 11:41:20 - [TEST_STEP][PASSED] - tap: Tapped on element 'Object Repository/SCM Mobile/PreLoginPayBill/PayBillMenu'

2017-08-24 11:41:20 - [MESSAGE][PASSED] - Tapped on element 'Object Repository/SCM Mobile/PreLoginPayBill/PayBillMenu'

2017-08-24 11:41:20 - [TEST_STEP][PASSED] - tap: Tapped on element 'Object Repository/SCM Mobile/PreLoginPayBill/PayBillMenu'

2017-08-24 11:41:22 - [MESSAGE][PASSED] - Tapped on element 'Object Repository/SCM Mobile/PreLoginPayBill/PayBillMenu'

2017-08-24 11:41:22 - [TEST_STEP][PASSED] - setText: Text '00000291' has been set to element 'Object Repository/SCM Mobile/PreLoginPayBill/Customer Account Number TextBox'

2017-08-24 11:41:32 - [MESSAGE][PASSED] - Text '00000291' has been set to element 'Object Repository/SCM Mobile/PreLoginPayBill/Customer Account Number TextBox'

2017-08-24 11:41:32 - [TEST_STEP][PASSED] - setText: Text '999-999-9999' has been set to element 'Object Repository/SCM Mobile/PreLoginPayBill/Customer Mobile Number TextBox'

2017-08-24 11:41:41 - [MESSAGE][PASSED] - Text '999-999-9999' has been set to element 'Object Repository/SCM Mobile/PreLoginPayBill/Customer Mobile Number TextBox'

2017-08-24 11:41:41 - [TEST_STEP][PASSED] - hideKeyboard: Keyboard is hidden

2017-08-24 11:41:46 - [MESSAGE][PASSED] - Keyboard is hidden

2017-08-24 11:41:46 - [TEST_STEP][PASSED] - checkElement: Element 'Object Repository/SCM Mobile/PreLoginPayBill/Agree CheckBox' is checked

2017-08-24 11:41:47 - [MESSAGE][PASSED] - Element 'Object Repository/SCM Mobile/PreLoginPayBill/Agree CheckBox' is checked

2017-08-24 11:41:47 - [TEST_STEP][PASSED] - tap: Tapped on element 'Object Repository/SCM Mobile/PreLoginPayBill/Next Button'

2017-08-24 11:41:48 - [MESSAGE][PASSED] - Tapped on element 'Object Repository/SCM Mobile/PreLoginPayBill/Next Button'

2017-08-24 11:41:48 - [TEST_STEP][PASSED] - tap: Tapped on element 'Object Repository/SCM Mobile/PreLoginPayBill/Make Payment Button'

2017-08-24 11:41:51 - [MESSAGE][PASSED] - Tapped on element 'Object Repository/SCM Mobile/PreLoginPayBill/Make Payment Button'

2017-08-24 11:41:51 - [TEST_STEP][PASSED] - setText: Text '1' has been set to element 'Object Repository/SCM Mobile/PreLoginPayBill/Enter Amount TextBox'

2017-08-24 11:42:01 - [MESSAGE][PASSED] - Text '1' has been set to element 'Object Repository/SCM Mobile/PreLoginPayBill/Enter Amount TextBox'

2017-08-24 11:42:01 - [TEST_STEP][PASSED] - hideKeyboard: Keyboard is hidden

2017-08-24 11:42:06 - [MESSAGE][PASSED] - Keyboard is hidden

2017-08-24 11:42:06 - [TEST_STEP][PASSED] - setText: Text 'Test Card Holder' has been set to element 'Object Repository/SCM Mobile/PreLoginPayBill/Name On Credit Card TextBox'

2017-08-24 11:42:15 - [MESSAGE][PASSED] - Text 'Test Card Holder' has been set to element 'Object Repository/SCM Mobile/PreLoginPayBill/Name On Credit Card TextBox'

2017-08-24 11:42:15 - [TEST_STEP][PASSED] - hideKeyboard: Keyboard is hidden

2017-08-24 11:42:19 - [MESSAGE][PASSED] - Keyboard is hidden

2017-08-24 11:42:19 - [TEST_STEP][PASSED] - setText: Text '5454545454545454' has been set to element 'Object Repository/SCM Mobile/PreLoginPayBill/Credit Card Number'

2017-08-24 11:42:28 - [MESSAGE][PASSED] - Text '5454545454545454' has been set to element 'Object Repository/SCM Mobile/PreLoginPayBill/Credit Card Number'

2017-08-24 11:42:28 - [TEST_STEP][PASSED] - hideKeyboard: Keyboard is hidden

2017-08-24 11:42:32 - [MESSAGE][PASSED] - Keyboard is hidden

2017-08-24 11:42:32 - [TEST_STEP][PASSED] - tap: Tapped on element 'Object Repository/SCM Mobile/PreLoginPayBill/Credit Card Expiry Calendar'

2017-08-24 11:42:32 - [MESSAGE][PASSED] - Tapped on element 'Object Repository/SCM Mobile/PreLoginPayBill/Credit Card Expiry Calendar'

2017-08-24 11:42:32 - [TEST_STEP][PASSED] - tap: Tapped on element 'Object Repository/SCM Mobile/PreLoginPayBill/Credit Card Calendar Ok Button'

2017-08-24 11:42:34 - [MESSAGE][PASSED] - Tapped on element 'Object Repository/SCM Mobile/PreLoginPayBill/Credit Card Calendar Ok Button'

2017-08-24 11:42:34 - [TEST_STEP][PASSED] - setText: Text '123' has been set to element 'Object Repository/SCM Mobile/PreLoginPayBill/Credit Card Security Code TextBox'

2017-08-24 11:42:45 - [MESSAGE][PASSED] - Text '123' has been set to element 'Object Repository/SCM Mobile/PreLoginPayBill/Credit Card Security Code TextBox'

2017-08-24 11:42:45 - [TEST_STEP][PASSED] - hideKeyboard: Keyboard is hidden

2017-08-24 11:42:49 - [MESSAGE][PASSED] - Keyboard is hidden

2017-08-24 11:42:49 - [TEST_STEP][PASSED] - tap: Tapped on element 'Object Repository/SCM Mobile/PreLoginPayBill/Pay Bill Button'

2017-08-24 11:42:50 - [MESSAGE][PASSED] - Tapped on element 'Object Repository/SCM Mobile/PreLoginPayBill/Pay Bill Button'

2017-08-24 11:42:50 - [TEST_STEP][PASSED] - delay: Delayed 40 second(s)

2017-08-24 11:43:30 - [MESSAGE][PASSED] - Delayed 40 second(s)

2017-08-24 11:43:30 - [TEST_STEP][PASSED] - Statement - messageText = com.kms.katalon.core.mobile.keyword.MobileBuiltInKeywords.getAttribute(com.kms.katalon.core.testobject.ObjectRepository.findTestObject(SCM Mobile/PreLoginPayBill/Payment Successful Text), "text", 5, CONTINUE_ON_FAILURE): Element 'Object Repository/SCM Mobile/PreLoginPayBill/Payment Successful Text' has attribute 'text' is 'Payment Successful!'

2017-08-24 11:43:30 - [MESSAGE][PASSED] - Element 'Object Repository/SCM Mobile/PreLoginPayBill/Payment Successful Text' has attribute 'text' is 'Payment Successful!'

2017-08-24 11:43:30 - [TEST_STEP][PASSED] - Statement - transactionId = com.kms.katalon.core.mobile.keyword.MobileBuiltInKeywords.getAttribute(com.kms.katalon.core.testobject.ObjectRepository.findTestObject(SCM Mobile/PreLoginPayBill/Transaction Id Text), "text", 5, CONTINUE_ON_FAILURE): Element 'Object Repository/SCM Mobile/PreLoginPayBill/Transaction Id Text' has attribute 'text' is 'Transaction ID: 40006008276'

2017-08-24 11:43:30 - [MESSAGE][PASSED] - Element 'Object Repository/SCM Mobile/PreLoginPayBill/Transaction Id Text' has attribute 'text' is 'Transaction ID: 40006008276'

2017-08-24 11:43:30 - [TEST_STEP][PASSED] - Statement - If (messageText.equals(null)): null

2017-08-24 11:43:30 - [TEST_STEP][PASSED] - Statement - Else: null

2017-08-24 11:43:30 - [TEST_STEP][PASSED] - Statement - If (messageText.equals("Payment Successful!")): null

2017-08-24 11:43:30 - [TEST_STEP][PASSED] - Statement - out.println("One Time Payment Successful, Transaction Id is : " + transactionId): null

2017-08-24 11:43:30 - [TEST_STEP][PASSED] - tap: Tapped on element 'Object Repository/SCM Mobile/PreLoginPayBill/Ok Button'

2017-08-24 11:43:30 - [MESSAGE][PASSED] - Tapped on element 'Object Repository/SCM Mobile/PreLoginPayBill/Ok Button']]></system-out>
         <system-err><![CDATA[]]></system-err>
      </testcase>
      <testcase name="Test Cases/LogIn" classname="Test Cases/LogIn" status="PASSED">
         <system-out><![CDATA[2017-08-24 11:43:30 - [TEST_CASE][PASSED] - Test Cases/LogIn: Test Cases/LogIn

2017-08-24 11:43:30 - [TEST_STEP][PASSED] - delay: Delayed 30 second(s)

2017-08-24 11:44:00 - [MESSAGE][PASSED] - Delayed 30 second(s)

2017-08-24 11:44:00 - [TEST_STEP][PASSED] - setText: Text 'demo' has been set to element 'Object Repository/SCM Mobile/LogIn/UserName TextBox'

2017-08-24 11:44:09 - [MESSAGE][PASSED] - Text 'demo' has been set to element 'Object Repository/SCM Mobile/LogIn/UserName TextBox'

2017-08-24 11:44:09 - [TEST_STEP][PASSED] - setText: Text 'Smart@2017Demo' has been set to element 'Object Repository/SCM Mobile/LogIn/Password TextBox'

2017-08-24 11:44:21 - [MESSAGE][PASSED] - Text 'Smart@2017Demo' has been set to element 'Object Repository/SCM Mobile/LogIn/Password TextBox'

2017-08-24 11:44:21 - [TEST_STEP][PASSED] - tap: Tapped on element 'Object Repository/SCM Mobile/LogIn/SignIn Button'

2017-08-24 11:44:23 - [MESSAGE][PASSED] - Tapped on element 'Object Repository/SCM Mobile/LogIn/SignIn Button']]></system-out>
         <system-err><![CDATA[]]></system-err>
      </testcase>
      <testcase name="Test Cases/LandingPage" classname="Test Cases/LandingPage" status="PASSED">
         <system-out><![CDATA[2017-08-24 11:44:23 - [TEST_CASE][PASSED] - Test Cases/LandingPage: Test Cases/LandingPage

2017-08-24 11:44:23 - [TEST_STEP][PASSED] - delay: Delayed 50 second(s)

2017-08-24 11:45:13 - [MESSAGE][PASSED] - Delayed 50 second(s)

2017-08-24 11:45:13 - [TEST_STEP][PASSED] - Statement - driver = com.kms.katalon.core.mobile.keyword.internal.MobileDriverFactory.getDriver(): null

2017-08-24 11:45:13 - [TEST_STEP][PASSED] - Statement - If (driver.findElementById("com.sus.scm_mobile:id/viewSkip").isDisplayed() == true): null

2017-08-24 11:45:13 - [TEST_STEP][PASSED] - Statement - driver.findElementById("com.sus.scm_mobile:id/viewSkip").click(): null

2017-08-24 11:45:15 - [TEST_STEP][PASSED] - delay: Delayed 20 second(s)

2017-08-24 11:45:35 - [MESSAGE][PASSED] - Delayed 20 second(s)

2017-08-24 11:45:35 - [TEST_STEP][PASSED] - Statement - out.println("User First Time Logged in the Application"): null

2017-08-24 11:45:35 - [TEST_STEP][PASSED] - Statement - Try: null

2017-08-24 11:45:35 - [TEST_STEP][PASSED] - Statement - ls = driver.findElementsByClassName("android.widget.TextView"): null

2017-08-24 11:45:36 - [TEST_STEP][PASSED] - Statement - println("Below are the Tabs available on the Dashboard : "): null

2017-08-24 11:45:36 - [TEST_STEP][PASSED] - Statement - For ([index = 0, index < ls.size(), (index++)]): null

2017-08-24 11:45:36 - [TEST_STEP][PASSED] - Statement - println(ls.get(index).getText()): null

2017-08-24 11:45:36 - [TEST_STEP][PASSED] - Statement - println(ls.get(index).getText()): null

2017-08-24 11:45:36 - [TEST_STEP][PASSED] - Statement - println(ls.get(index).getText()): null

2017-08-24 11:45:36 - [TEST_STEP][PASSED] - Statement - println(ls.get(index).getText()): null

2017-08-24 11:45:36 - [TEST_STEP][PASSED] - Statement - println(ls.get(index).getText()): null

2017-08-24 11:45:36 - [TEST_STEP][PASSED] - Statement - println(ls.get(index).getText()): null

2017-08-24 11:45:36 - [TEST_STEP][PASSED] - Statement - println(ls.get(index).getText()): null

2017-08-24 11:45:36 - [TEST_STEP][PASSED] - Statement - println(ls.get(index).getText()): null

2017-08-24 11:45:36 - [TEST_STEP][PASSED] - Statement - println(ls.get(index).getText()): null

2017-08-24 11:45:36 - [TEST_STEP][PASSED] - Statement - println(ls.get(index).getText()): null

2017-08-24 11:45:36 - [TEST_STEP][PASSED] - Statement - println(ls.get(index).getText()): null

2017-08-24 11:45:36 - [TEST_STEP][PASSED] - Statement - println(ls.get(index).getText()): null]]></system-out>
         <system-err><![CDATA[]]></system-err>
      </testcase>
      <testcase name="Test Cases/My Account" classname="Test Cases/My Account" status="PASSED">
         <system-out><![CDATA[2017-08-24 11:45:36 - [TEST_CASE][PASSED] - Test Cases/My Account: Test Cases/My Account

2017-08-24 11:45:37 - [TEST_STEP][PASSED] - Statement - messageText = null: null

2017-08-24 11:45:37 - [TEST_STEP][PASSED] - Statement - If (com.kms.katalon.core.mobile.keyword.MobileBuiltInKeywords.verifyElementVisible(com.kms.katalon.core.testobject.ObjectRepository.findTestObject(SCM Mobile/LandingPage/My Account Menu), 3, CONTINUE_ON_FAILURE) == false): Element 'Object Repository/SCM Mobile/LandingPage/My Account Menu' is visible

2017-08-24 11:45:37 - [MESSAGE][PASSED] - Element 'Object Repository/SCM Mobile/LandingPage/My Account Menu' is visible

2017-08-24 11:45:37 - [TEST_STEP][PASSED] - Statement - Else: Delayed 30 second(s)

2017-08-24 11:45:37 - [TEST_STEP][PASSED] - tap: Tapped on element 'Object Repository/SCM Mobile/LandingPage/My Account Menu'

2017-08-24 11:45:38 - [MESSAGE][PASSED] - Tapped on element 'Object Repository/SCM Mobile/LandingPage/My Account Menu'

2017-08-24 11:45:38 - [TEST_STEP][PASSED] - Statement - driver = com.kms.katalon.core.mobile.keyword.internal.MobileDriverFactory.getDriver(): null

2017-08-24 11:45:38 - [TEST_STEP][PASSED] - Statement - ls = driver.findElementsByClassName("android.widget.TextView"): null

2017-08-24 11:45:41 - [TEST_STEP][PASSED] - Statement - println(ls.size()): null

2017-08-24 11:45:41 - [TEST_STEP][PASSED] - delay: Delayed 20 second(s)

2017-08-24 11:46:01 - [MESSAGE][PASSED] - Delayed 20 second(s)

2017-08-24 11:46:01 - [TEST_STEP][PASSED] - Statement - For ([index = 0, index < ls.size(), (index++)]): null

2017-08-24 11:46:01 - [TEST_STEP][PASSED] - Statement - If (ls.get(index).getText().equals("Profile")): null

2017-08-24 11:46:01 - [TEST_STEP][PASSED] - Statement - If (ls.get(index).getText().equals("Profile")): null

2017-08-24 11:46:01 - [TEST_STEP][PASSED] - Statement - If (ls.get(index).getText().equals("Profile")): Delayed 10 second(s)

2017-08-24 11:46:01 - [TEST_STEP][PASSED] - Comment - "Veryfing My Account - Profile": null

2017-08-24 11:46:01 - [TEST_STEP][PASSED] - tap: Tapped on element 'Object Repository/SCM Mobile/My Account/Profile/My Account - Profile Menu'

2017-08-24 11:46:02 - [MESSAGE][PASSED] - Tapped on element 'Object Repository/SCM Mobile/My Account/Profile/My Account - Profile Menu'

2017-08-24 11:46:02 - [TEST_STEP][PASSED] - delay: Delayed 50 second(s)

2017-08-24 11:46:52 - [MESSAGE][PASSED] - Delayed 50 second(s)

2017-08-24 11:46:52 - [TEST_STEP][PASSED] - clearText: Element 'Object Repository/SCM Mobile/My Account/Profile/My Account - Profile - Alternate Number Text Box' text is cleared

2017-08-24 11:46:54 - [MESSAGE][PASSED] - Element 'Object Repository/SCM Mobile/My Account/Profile/My Account - Profile - Alternate Number Text Box' text is cleared

2017-08-24 11:46:54 - [TEST_STEP][PASSED] - setText: Text '999-999-9999' has been set to element 'Object Repository/SCM Mobile/My Account/Profile/My Account - Profile - Alternate Number Text Box'

2017-08-24 11:47:07 - [MESSAGE][PASSED] - Text '999-999-9999' has been set to element 'Object Repository/SCM Mobile/My Account/Profile/My Account - Profile - Alternate Number Text Box'

2017-08-24 11:47:07 - [TEST_STEP][PASSED] - hideKeyboard: Keyboard is hidden

2017-08-24 11:47:11 - [MESSAGE][PASSED] - Keyboard is hidden

2017-08-24 11:47:11 - [TEST_STEP][PASSED] - tap: Tapped on element 'Object Repository/SCM Mobile/My Account/Profile/My Account - Profile - Save Button'

2017-08-24 11:47:12 - [MESSAGE][PASSED] - Tapped on element 'Object Repository/SCM Mobile/My Account/Profile/My Account - Profile - Save Button'

2017-08-24 11:47:12 - [TEST_STEP][PASSED] - Statement - messageText = com.kms.katalon.core.mobile.keyword.MobileBuiltInKeywords.getAttribute(com.kms.katalon.core.testobject.ObjectRepository.findTestObject(SCM Mobile/My Account/Profile/My Account - Profile - Profile Updation Message Text), "text", 15, CONTINUE_ON_FAILURE): Element 'Object Repository/SCM Mobile/My Account/Profile/My Account - Profile - Profile Updation Message Text' has attribute 'text' is 'Your Profile has been updated successfully.'

2017-08-24 11:47:14 - [MESSAGE][PASSED] - Element 'Object Repository/SCM Mobile/My Account/Profile/My Account - Profile - Profile Updation Message Text' has attribute 'text' is 'Your Profile has been updated successfully.'

2017-08-24 11:47:14 - [TEST_STEP][PASSED] - Statement - If (messageText.equals("Your Profile has been updated successfully.")): null

2017-08-24 11:47:14 - [TEST_STEP][PASSED] - Statement - out.println("Account Update Message Text is matching with the Expeced Text"): null

2017-08-24 11:47:14 - [TEST_STEP][PASSED] - tap: Tapped on element 'Object Repository/SCM Mobile/My Account/Profile/My Account - Profile - Ok Button'

2017-08-24 11:47:15 - [MESSAGE][PASSED] - Tapped on element 'Object Repository/SCM Mobile/My Account/Profile/My Account - Profile - Ok Button'

2017-08-24 11:47:15 - [TEST_STEP][PASSED] - pressBack: Press back button successfully

2017-08-24 11:47:16 - [MESSAGE][PASSED] - Press back button successfully

2017-08-24 11:47:16 - [TEST_STEP][PASSED] - delay: Delayed 10 second(s)

2017-08-24 11:47:26 - [MESSAGE][PASSED] - Delayed 10 second(s)

2017-08-24 11:47:26 - [TEST_STEP][PASSED] - Statement - If (ls.get(index).getText().equals("Profile")): null

2017-08-24 11:47:26 - [TEST_STEP][PASSED] - Statement - If (ls.get(index).getText().equals("Profile")): null

2017-08-24 11:47:27 - [TEST_STEP][PASSED] - Statement - If (ls.get(index).getText().equals("Profile")): null

2017-08-24 11:47:27 - [TEST_STEP][PASSED] - Statement - Else If (ls.get(index).getText().equals("Payment Information")): Delayed 10 second(s)

2017-08-24 11:47:27 - [TEST_STEP][PASSED] - Comment - "Veryfing My Account - Payment Information": null

2017-08-24 11:47:27 - [TEST_STEP][PASSED] - tap: Tapped on element 'Object Repository/SCM Mobile/My Account/Payment Information/My Account - Payment Information Menu'

2017-08-24 11:47:27 - [MESSAGE][PASSED] - Tapped on element 'Object Repository/SCM Mobile/My Account/Payment Information/My Account - Payment Information Menu'

2017-08-24 11:47:27 - [TEST_STEP][PASSED] - delay: Delayed 50 second(s)

2017-08-24 11:48:17 - [MESSAGE][PASSED] - Delayed 50 second(s)

2017-08-24 11:48:17 - [TEST_STEP][PASSED] - tap: Tapped on element 'Object Repository/SCM Mobile/My Account/Payment Information/Add Payment Method Button'

2017-08-24 11:48:18 - [MESSAGE][PASSED] - Tapped on element 'Object Repository/SCM Mobile/My Account/Payment Information/Add Payment Method Button'

2017-08-24 11:48:18 - [TEST_STEP][PASSED] - setText: Text 'John Doe' has been set to element 'Object Repository/SCM Mobile/My Account/Payment Information/Card Holder Name'

2017-08-24 11:48:27 - [MESSAGE][PASSED] - Text 'John Doe' has been set to element 'Object Repository/SCM Mobile/My Account/Payment Information/Card Holder Name'

2017-08-24 11:48:27 - [TEST_STEP][PASSED] - hideKeyboard: Keyboard is hidden

2017-08-24 11:48:31 - [MESSAGE][PASSED] - Keyboard is hidden

2017-08-24 11:48:32 - [TEST_STEP][PASSED] - setText: Text '4111111111111111' has been set to element 'Object Repository/SCM Mobile/My Account/Payment Information/Credit Card Number'

2017-08-24 11:48:39 - [MESSAGE][PASSED] - Text '4111111111111111' has been set to element 'Object Repository/SCM Mobile/My Account/Payment Information/Credit Card Number'

2017-08-24 11:48:39 - [TEST_STEP][PASSED] - tap: Tapped on element 'Object Repository/SCM Mobile/My Account/Payment Information/Calendar Icon'

2017-08-24 11:48:41 - [MESSAGE][PASSED] - Tapped on element 'Object Repository/SCM Mobile/My Account/Payment Information/Calendar Icon'

2017-08-24 11:48:41 - [TEST_STEP][PASSED] - tap: Tapped on element 'Object Repository/SCM Mobile/My Account/Payment Information/Ok Button'

2017-08-24 11:48:42 - [MESSAGE][PASSED] - Tapped on element 'Object Repository/SCM Mobile/My Account/Payment Information/Ok Button'

2017-08-24 11:48:42 - [TEST_STEP][PASSED] - setText: Text '123' has been set to element 'Object Repository/SCM Mobile/My Account/Payment Information/Card Security Code'

2017-08-24 11:48:54 - [MESSAGE][PASSED] - Text '123' has been set to element 'Object Repository/SCM Mobile/My Account/Payment Information/Card Security Code'

2017-08-24 11:48:54 - [TEST_STEP][PASSED] - hideKeyboard: Keyboard is hidden

2017-08-24 11:48:58 - [MESSAGE][PASSED] - Keyboard is hidden

2017-08-24 11:48:58 - [TEST_STEP][PASSED] - tap: Tapped on element 'Object Repository/SCM Mobile/My Account/Payment Information/Add Card Button'

2017-08-24 11:48:59 - [MESSAGE][PASSED] - Tapped on element 'Object Repository/SCM Mobile/My Account/Payment Information/Add Card Button'

2017-08-24 11:48:59 - [TEST_STEP][PASSED] - delay: Delayed 30 second(s)

2017-08-24 11:49:29 - [MESSAGE][PASSED] - Delayed 30 second(s)

2017-08-24 11:49:29 - [TEST_STEP][PASSED] - Statement - messageText = com.kms.katalon.core.mobile.keyword.MobileBuiltInKeywords.getAttribute(com.kms.katalon.core.testobject.ObjectRepository.findTestObject(SCM Mobile/My Account/Payment Information/Payment Method Add Text), "text", 5, CONTINUE_ON_FAILURE): Element 'Object Repository/SCM Mobile/My Account/Payment Information/Payment Method Add Text' has attribute 'text' is 'Your credit card details have been added successfully and will be validated once you choose to make a payment.'

2017-08-24 11:49:29 - [MESSAGE][PASSED] - Element 'Object Repository/SCM Mobile/My Account/Payment Information/Payment Method Add Text' has attribute 'text' is 'Your credit card details have been added successfully and will be validated once you choose to make a payment.'

2017-08-24 11:49:29 - [TEST_STEP][PASSED] - Statement - If (messageText.equals("Your credit card details have been added successfully and will be validated once you choose to make a payment.")): null

2017-08-24 11:49:29 - [TEST_STEP][PASSED] - Statement - out.println("Payment Method Added Successfuly"): null

2017-08-24 11:49:29 - [TEST_STEP][PASSED] - tap: Tapped on element 'Object Repository/SCM Mobile/My Account/Payment Information/Add Payment Method Message Popup Ok Button'

2017-08-24 11:49:29 - [MESSAGE][PASSED] - Tapped on element 'Object Repository/SCM Mobile/My Account/Payment Information/Add Payment Method Message Popup Ok Button'

2017-08-24 11:49:29 - [TEST_STEP][PASSED] - delay: Delayed 40 second(s)

2017-08-24 11:50:09 - [MESSAGE][PASSED] - Delayed 40 second(s)

2017-08-24 11:50:09 - [TEST_STEP][PASSED] - pressBack: Press back button successfully

2017-08-24 11:50:09 - [MESSAGE][PASSED] - Press back button successfully

2017-08-24 11:50:09 - [TEST_STEP][PASSED] - delay: Delayed 10 second(s)

2017-08-24 11:50:19 - [MESSAGE][PASSED] - Delayed 10 second(s)

2017-08-24 11:50:19 - [TEST_STEP][PASSED] - Statement - If (ls.get(index).getText().equals("Profile")): null

2017-08-24 11:50:20 - [TEST_STEP][PASSED] - Statement - If (ls.get(index).getText().equals("Profile")): null

2017-08-24 11:50:20 - [TEST_STEP][PASSED] - Statement - If (ls.get(index).getText().equals("Profile")): null

2017-08-24 11:50:20 - [TEST_STEP][PASSED] - Statement - Else If (ls.get(index).getText().equals("Payment Information")): null

2017-08-24 11:50:20 - [TEST_STEP][PASSED] - Statement - Else If (ls.get(index).getText().equals("Marketing Preferences")): Delayed 10 second(s)

2017-08-24 11:50:20 - [TEST_STEP][PASSED] - Comment - "Veryfing My Account - Marketing Preferences": null

2017-08-24 11:50:20 - [TEST_STEP][PASSED] - tap: Tapped on element 'Object Repository/SCM Mobile/My Account/Marketing Preferences/My Account - Marketing Preferences Menu'

2017-08-24 11:50:21 - [MESSAGE][PASSED] - Tapped on element 'Object Repository/SCM Mobile/My Account/Marketing Preferences/My Account - Marketing Preferences Menu'

2017-08-24 11:50:21 - [TEST_STEP][PASSED] - delay: Delayed 10 second(s)

2017-08-24 11:50:31 - [MESSAGE][PASSED] - Delayed 10 second(s)

2017-08-24 11:50:31 - [TEST_STEP][PASSED] - pressBack: Press back button successfully

2017-08-24 11:50:31 - [MESSAGE][PASSED] - Press back button successfully

2017-08-24 11:50:31 - [TEST_STEP][PASSED] - delay: Delayed 10 second(s)

2017-08-24 11:50:41 - [MESSAGE][PASSED] - Delayed 10 second(s)

2017-08-24 11:50:41 - [TEST_STEP][PASSED] - Statement - If (ls.get(index).getText().equals("Profile")): null

2017-08-24 11:50:42 - [TEST_STEP][PASSED] - Statement - If (ls.get(index).getText().equals("Profile")): null

2017-08-24 11:50:42 - [TEST_STEP][PASSED] - Statement - If (ls.get(index).getText().equals("Profile")): null

2017-08-24 11:50:42 - [TEST_STEP][PASSED] - Statement - Else If (ls.get(index).getText().equals("Payment Information")): null

2017-08-24 11:50:42 - [TEST_STEP][PASSED] - Statement - Else If (ls.get(index).getText().equals("Marketing Preferences")): null

2017-08-24 11:50:42 - [TEST_STEP][PASSED] - Statement - Else If (ls.get(index).getText().equals("About My Home")): Delayed 30 second(s)

2017-08-24 11:50:42 - [TEST_STEP][PASSED] - Comment - "Veryfing My Account - About My Home": null

2017-08-24 11:50:42 - [TEST_STEP][PASSED] - tap: Tapped on element 'Object Repository/SCM Mobile/My Account/About My Home/About My Home Menu'

2017-08-24 11:50:43 - [MESSAGE][PASSED] - Tapped on element 'Object Repository/SCM Mobile/My Account/About My Home/About My Home Menu'

2017-08-24 11:50:43 - [TEST_STEP][PASSED] - delay: Delayed 10 second(s)

2017-08-24 11:50:53 - [MESSAGE][PASSED] - Delayed 10 second(s)

2017-08-24 11:50:53 - [TEST_STEP][PASSED] - pressBack: Press back button successfully

2017-08-24 11:50:53 - [MESSAGE][PASSED] - Press back button successfully

2017-08-24 11:50:53 - [TEST_STEP][PASSED] - delay: Delayed 30 second(s)

2017-08-24 11:51:23 - [MESSAGE][PASSED] - Delayed 30 second(s)

2017-08-24 11:51:23 - [TEST_STEP][PASSED] - Statement - If (ls.get(index).getText().equals("Profile")): null

2017-08-24 11:51:23 - [TEST_STEP][PASSED] - Statement - If (ls.get(index).getText().equals("Profile")): null

2017-08-24 11:51:23 - [TEST_STEP][PASSED] - Statement - If (ls.get(index).getText().equals("Profile")): null

2017-08-24 11:51:24 - [TEST_STEP][PASSED] - Statement - If (ls.get(index).getText().equals("Profile")): null

2017-08-24 11:51:24 - [TEST_STEP][PASSED] - Statement - If (ls.get(index).getText().equals("Profile")): null

2017-08-24 11:51:24 - [TEST_STEP][PASSED] - pressBack: Press back button successfully

2017-08-24 11:51:24 - [MESSAGE][PASSED] - Press back button successfully

2017-08-24 11:51:24 - [TEST_STEP][PASSED] - delay: Delayed 30 second(s)

2017-08-24 11:51:54 - [MESSAGE][PASSED] - Delayed 30 second(s)]]></system-out>
         <system-err><![CDATA[]]></system-err>
      </testcase>
      <testcase name="Test Cases/Billing" classname="Test Cases/Billing" status="PASSED">
         <system-out><![CDATA[2017-08-24 11:51:54 - [TEST_CASE][PASSED] - Test Cases/Billing: Test Cases/Billing

2017-08-24 11:51:55 - [TEST_STEP][PASSED] - Statement - messageText = null: null

2017-08-24 11:51:55 - [TEST_STEP][PASSED] - delay: Delayed 50 second(s)

2017-08-24 11:52:45 - [MESSAGE][PASSED] - Delayed 50 second(s)

2017-08-24 11:52:45 - [TEST_STEP][PASSED] - Statement - If (com.kms.katalon.core.mobile.keyword.MobileBuiltInKeywords.verifyElementVisible(com.kms.katalon.core.testobject.ObjectRepository.findTestObject(SCM Mobile/LandingPage/Billing Menu), 3, CONTINUE_ON_FAILURE) == false): Element 'Object Repository/SCM Mobile/LandingPage/Billing Menu' is visible

2017-08-24 11:52:45 - [MESSAGE][PASSED] - Element 'Object Repository/SCM Mobile/LandingPage/Billing Menu' is visible

2017-08-24 11:52:45 - [TEST_STEP][PASSED] - Statement - Else: Delayed 20 second(s)

2017-08-24 11:52:45 - [TEST_STEP][PASSED] - tap: Tapped on element 'Object Repository/SCM Mobile/LandingPage/Billing Menu'

2017-08-24 11:52:46 - [MESSAGE][PASSED] - Tapped on element 'Object Repository/SCM Mobile/LandingPage/Billing Menu'

2017-08-24 11:52:46 - [TEST_STEP][PASSED] - delay: Delayed 10 second(s)

2017-08-24 11:52:56 - [MESSAGE][PASSED] - Delayed 10 second(s)

2017-08-24 11:52:56 - [TEST_STEP][PASSED] - Statement - driver = com.kms.katalon.core.mobile.keyword.internal.MobileDriverFactory.getDriver(): null

2017-08-24 11:52:56 - [TEST_STEP][PASSED] - Statement - ls = driver.findElementsByClassName("android.widget.TextView"): null

2017-08-24 11:52:57 - [TEST_STEP][PASSED] - Statement - println(ls.size()): null

2017-08-24 11:52:57 - [TEST_STEP][PASSED] - Statement - For ([index = 0, index < ls.size(), (index++)]): null

2017-08-24 11:52:57 - [TEST_STEP][PASSED] - Statement - If (ls.get(index).getText().equals("Utility Bill")): null

2017-08-24 11:52:57 - [TEST_STEP][PASSED] - Statement - If (ls.get(index).getText().equals("Utility Bill")): null

2017-08-24 11:52:58 - [TEST_STEP][PASSED] - Statement - If (ls.get(index).getText().equals("Utility Bill")): Delayed 30 second(s)

2017-08-24 11:52:58 - [TEST_STEP][PASSED] - Comment - "Veryfing Billing - Utility Bill": null

2017-08-24 11:52:58 - [TEST_STEP][PASSED] - delay: Delayed 10 second(s)

2017-08-24 11:53:08 - [MESSAGE][PASSED] - Delayed 10 second(s)

2017-08-24 11:53:08 - [TEST_STEP][PASSED] - tap: Tapped on element 'Object Repository/SCM Mobile/Billing/Utility Bill/Utility Bill Menu'

2017-08-24 11:53:08 - [MESSAGE][PASSED] - Tapped on element 'Object Repository/SCM Mobile/Billing/Utility Bill/Utility Bill Menu'

2017-08-24 11:53:08 - [TEST_STEP][PASSED] - delay: Delayed 50 second(s)

2017-08-24 11:53:58 - [MESSAGE][PASSED] - Delayed 50 second(s)

2017-08-24 11:53:58 - [TEST_STEP][PASSED] - tap: Tapped on element 'Object Repository/SCM Mobile/Billing/Utility Bill/Pay Now Button'

2017-08-24 11:53:59 - [MESSAGE][PASSED] - Tapped on element 'Object Repository/SCM Mobile/Billing/Utility Bill/Pay Now Button'

2017-08-24 11:53:59 - [TEST_STEP][PASSED] - delay: Delayed 15 second(s)

2017-08-24 11:54:14 - [MESSAGE][PASSED] - Delayed 15 second(s)

2017-08-24 11:54:14 - [TEST_STEP][PASSED] - setText: Text '2' has been set to element 'Object Repository/SCM Mobile/Billing/Utility Bill/Bill Amount TextBox'

2017-08-24 11:54:21 - [MESSAGE][PASSED] - Text '2' has been set to element 'Object Repository/SCM Mobile/Billing/Utility Bill/Bill Amount TextBox'

2017-08-24 11:54:21 - [TEST_STEP][PASSED] - hideKeyboard: Keyboard is hidden

2017-08-24 11:54:26 - [MESSAGE][PASSED] - Keyboard is hidden

2017-08-24 11:54:26 - [TEST_STEP][PASSED] - tap: Tapped on element 'Object Repository/SCM Mobile/Billing/Utility Bill/Next Button'

2017-08-24 11:54:26 - [MESSAGE][PASSED] - Tapped on element 'Object Repository/SCM Mobile/Billing/Utility Bill/Next Button'

2017-08-24 11:54:26 - [TEST_STEP][PASSED] - delay: Delayed 15 second(s)

2017-08-24 11:54:41 - [MESSAGE][PASSED] - Delayed 15 second(s)

2017-08-24 11:54:41 - [TEST_STEP][PASSED] - setText: Text '123' has been set to element 'Object Repository/SCM Mobile/Billing/Utility Bill/CVV Code TextBox'

2017-08-24 11:54:53 - [MESSAGE][PASSED] - Text '123' has been set to element 'Object Repository/SCM Mobile/Billing/Utility Bill/CVV Code TextBox'

2017-08-24 11:54:53 - [TEST_STEP][PASSED] - hideKeyboard: Keyboard is hidden

2017-08-24 11:54:58 - [MESSAGE][PASSED] - Keyboard is hidden

2017-08-24 11:54:58 - [TEST_STEP][PASSED] - tap: Tapped on element 'Object Repository/SCM Mobile/Billing/Utility Bill/Submit Button'

2017-08-24 11:54:59 - [MESSAGE][PASSED] - Tapped on element 'Object Repository/SCM Mobile/Billing/Utility Bill/Submit Button'

2017-08-24 11:54:59 - [TEST_STEP][PASSED] - delay: Delayed 15 second(s)

2017-08-24 11:55:14 - [MESSAGE][PASSED] - Delayed 15 second(s)

2017-08-24 11:55:14 - [TEST_STEP][PASSED] - Statement - messageText = com.kms.katalon.core.mobile.keyword.MobileBuiltInKeywords.getAttribute(com.kms.katalon.core.testobject.ObjectRepository.findTestObject(SCM Mobile/Billing/Utility Bill/Payment Successful Text), "text", 5, CONTINUE_ON_FAILURE): Element 'Object Repository/SCM Mobile/Billing/Utility Bill/Payment Successful Text' has attribute 'text' is 'Payment Successful!'

2017-08-24 11:55:14 - [MESSAGE][PASSED] - Element 'Object Repository/SCM Mobile/Billing/Utility Bill/Payment Successful Text' has attribute 'text' is 'Payment Successful!'

2017-08-24 11:55:14 - [TEST_STEP][PASSED] - Statement - transactionId = com.kms.katalon.core.mobile.keyword.MobileBuiltInKeywords.getAttribute(com.kms.katalon.core.testobject.ObjectRepository.findTestObject(SCM Mobile/Billing/Utility Bill/Transaction Id Text), "text", 5, CONTINUE_ON_FAILURE): Element 'Object Repository/SCM Mobile/Billing/Utility Bill/Transaction Id Text' has attribute 'text' is 'Transaction ID: 40006008369'

2017-08-24 11:55:14 - [MESSAGE][PASSED] - Element 'Object Repository/SCM Mobile/Billing/Utility Bill/Transaction Id Text' has attribute 'text' is 'Transaction ID: 40006008369'

2017-08-24 11:55:14 - [TEST_STEP][PASSED] - Statement - If (messageText.equals(null)): null

2017-08-24 11:55:14 - [TEST_STEP][PASSED] - Statement - Else: null

2017-08-24 11:55:14 - [TEST_STEP][PASSED] - Statement - If (messageText.equals("Payment Successful!")): null

2017-08-24 11:55:14 - [TEST_STEP][PASSED] - Statement - out.println("Bill Payment Successful, Transaction Id is : " + transactionId): null

2017-08-24 11:55:14 - [TEST_STEP][PASSED] - tap: Tapped on element 'Object Repository/SCM Mobile/Billing/Utility Bill/Ok Button'

2017-08-24 11:55:14 - [MESSAGE][PASSED] - Tapped on element 'Object Repository/SCM Mobile/Billing/Utility Bill/Ok Button'

2017-08-24 11:55:14 - [TEST_STEP][PASSED] - delay: Delayed 45 second(s)

2017-08-24 11:55:59 - [MESSAGE][PASSED] - Delayed 45 second(s)

2017-08-24 11:55:59 - [TEST_STEP][PASSED] - pressBack: Press back button successfully

2017-08-24 11:56:00 - [MESSAGE][PASSED] - Press back button successfully

2017-08-24 11:56:00 - [TEST_STEP][PASSED] - delay: Delayed 30 second(s)

2017-08-24 11:56:30 - [MESSAGE][PASSED] - Delayed 30 second(s)

2017-08-24 11:56:30 - [TEST_STEP][PASSED] - Statement - If (ls.get(index).getText().equals("Utility Bill")): null

2017-08-24 11:56:30 - [TEST_STEP][PASSED] - Statement - If (ls.get(index).getText().equals("Utility Bill")): null

2017-08-24 11:56:30 - [TEST_STEP][PASSED] - Statement - If (ls.get(index).getText().equals("Utility Bill")): null

2017-08-24 11:56:31 - [TEST_STEP][PASSED] - Statement - If (ls.get(index).getText().equals("Utility Bill")): null

2017-08-24 11:56:31 - [TEST_STEP][PASSED] - Statement - Else If (ls.get(index).getText().equals("History")): Delayed 10 second(s)

2017-08-24 11:56:31 - [TEST_STEP][PASSED] - Comment - "Veryfing Billing - History": null

2017-08-24 11:56:31 - [TEST_STEP][PASSED] - tap: Tapped on element 'Object Repository/SCM Mobile/Billing/History/History Menu'

2017-08-24 11:56:31 - [MESSAGE][PASSED] - Tapped on element 'Object Repository/SCM Mobile/Billing/History/History Menu'

2017-08-24 11:56:31 - [TEST_STEP][PASSED] - delay: Delayed 50 second(s)

2017-08-24 11:57:21 - [MESSAGE][PASSED] - Delayed 50 second(s)

2017-08-24 11:57:21 - [TEST_STEP][PASSED] - pressBack: Press back button successfully

2017-08-24 11:57:22 - [MESSAGE][PASSED] - Press back button successfully

2017-08-24 11:57:22 - [TEST_STEP][PASSED] - delay: Delayed 10 second(s)

2017-08-24 11:57:32 - [MESSAGE][PASSED] - Delayed 10 second(s)

2017-08-24 11:57:32 - [TEST_STEP][PASSED] - Statement - If (ls.get(index).getText().equals("Utility Bill")): null

2017-08-24 11:57:32 - [TEST_STEP][PASSED] - Statement - If (ls.get(index).getText().equals("Utility Bill")): null

2017-08-24 11:57:32 - [TEST_STEP][PASSED] - Statement - If (ls.get(index).getText().equals("Utility Bill")): null

2017-08-24 11:57:32 - [TEST_STEP][PASSED] - Statement - Else If (ls.get(index).getText().equals("History")): null

2017-08-24 11:57:32 - [TEST_STEP][PASSED] - Statement - Else If (ls.get(index).getText().equals("Budget My Bill")): Delayed 10 second(s)

2017-08-24 11:57:32 - [TEST_STEP][PASSED] - Comment - "Veryfing Billing - Budget My Bill": null

2017-08-24 11:57:32 - [TEST_STEP][PASSED] - tap: Tapped on element 'Object Repository/SCM Mobile/Billing/Budget My Bill/Budget My Bill Menu'

2017-08-24 11:57:33 - [MESSAGE][PASSED] - Tapped on element 'Object Repository/SCM Mobile/Billing/Budget My Bill/Budget My Bill Menu'

2017-08-24 11:57:33 - [TEST_STEP][PASSED] - delay: Delayed 50 second(s)

2017-08-24 11:58:23 - [MESSAGE][PASSED] - Delayed 50 second(s)

2017-08-24 11:58:23 - [TEST_STEP][PASSED] - pressBack: Press back button successfully

2017-08-24 11:58:24 - [MESSAGE][PASSED] - Press back button successfully

2017-08-24 11:58:24 - [TEST_STEP][PASSED] - delay: Delayed 10 second(s)

2017-08-24 11:58:34 - [MESSAGE][PASSED] - Delayed 10 second(s)

2017-08-24 11:58:34 - [TEST_STEP][PASSED] - Statement - If (ls.get(index).getText().equals("Utility Bill")): null

2017-08-24 11:58:34 - [TEST_STEP][PASSED] - Statement - If (ls.get(index).getText().equals("Utility Bill")): null

2017-08-24 11:58:34 - [TEST_STEP][PASSED] - Statement - If (ls.get(index).getText().equals("Utility Bill")): null

2017-08-24 11:58:34 - [TEST_STEP][PASSED] - Statement - Else If (ls.get(index).getText().equals("History")): null

2017-08-24 11:58:34 - [TEST_STEP][PASSED] - Statement - Else If (ls.get(index).getText().equals("Budget My Bill")): null

2017-08-24 11:58:34 - [TEST_STEP][PASSED] - Statement - Else If (ls.get(index).getText().equals("Auto Pay")): Delayed 20 second(s)

2017-08-24 11:58:34 - [TEST_STEP][PASSED] - Comment - "Veryfing Billing - Auto Pay": null

2017-08-24 11:58:34 - [TEST_STEP][PASSED] - tap: Tapped on element 'Object Repository/SCM Mobile/Billing/Auto Pay/Auto Pay Menu'

2017-08-24 11:58:35 - [MESSAGE][PASSED] - Tapped on element 'Object Repository/SCM Mobile/Billing/Auto Pay/Auto Pay Menu'

2017-08-24 11:58:35 - [TEST_STEP][PASSED] - delay: Delayed 50 second(s)

2017-08-24 11:59:25 - [MESSAGE][PASSED] - Delayed 50 second(s)

2017-08-24 11:59:25 - [TEST_STEP][PASSED] - tap: Tapped on element 'Object Repository/SCM Mobile/Billing/Auto Pay/Select Credit Card from DropDown'

2017-08-24 11:59:25 - [MESSAGE][PASSED] - Tapped on element 'Object Repository/SCM Mobile/Billing/Auto Pay/Select Credit Card from DropDown'

2017-08-24 11:59:25 - [TEST_STEP][PASSED] - delay: Delayed 15 second(s)

2017-08-24 11:59:40 - [MESSAGE][PASSED] - Delayed 15 second(s)

2017-08-24 11:59:40 - [TEST_STEP][PASSED] - tap: Tapped on element 'Object Repository/SCM Mobile/Billing/Auto Pay/Radio Button - Select the Credit Card'

2017-08-24 11:59:41 - [MESSAGE][PASSED] - Tapped on element 'Object Repository/SCM Mobile/Billing/Auto Pay/Radio Button - Select the Credit Card'

2017-08-24 11:59:41 - [TEST_STEP][PASSED] - tap: Tapped on element 'Object Repository/SCM Mobile/Billing/Auto Pay/Calendar'

2017-08-24 11:59:43 - [MESSAGE][PASSED] - Tapped on element 'Object Repository/SCM Mobile/Billing/Auto Pay/Calendar'

2017-08-24 11:59:43 - [TEST_STEP][PASSED] - delay: Delayed 15 second(s)

2017-08-24 11:59:58 - [MESSAGE][PASSED] - Delayed 15 second(s)

2017-08-24 11:59:58 - [TEST_STEP][PASSED] - tap: Tapped on element 'Object Repository/SCM Mobile/Billing/Auto Pay/Calendar Select Button'

2017-08-24 11:59:58 - [MESSAGE][PASSED] - Tapped on element 'Object Repository/SCM Mobile/Billing/Auto Pay/Calendar Select Button'

2017-08-24 11:59:58 - [TEST_STEP][PASSED] - scrollToText: Scrolling to text 'Enroll' successfully

2017-08-24 12:00:02 - [MESSAGE][PASSED] - Scrolling to text 'Enroll' successfully

2017-08-24 12:00:02 - [TEST_STEP][PASSED] - delay: Delayed 10 second(s)

2017-08-24 12:00:12 - [MESSAGE][PASSED] - Delayed 10 second(s)

2017-08-24 12:00:12 - [TEST_STEP][PASSED] - Statement - cCheckBox = driver.findElementByClassName("android.widget.CheckBox"): null

2017-08-24 12:00:12 - [TEST_STEP][PASSED] - Statement - cCheckBox.click(): null

2017-08-24 12:00:12 - [TEST_STEP][PASSED] - tap: Tapped on element 'Object Repository/SCM Mobile/Billing/Auto Pay/AutoPay Enrollment Button'

2017-08-24 12:00:14 - [MESSAGE][PASSED] - Tapped on element 'Object Repository/SCM Mobile/Billing/Auto Pay/AutoPay Enrollment Button'

2017-08-24 12:00:14 - [TEST_STEP][PASSED] - delay: Delayed 15 second(s)

2017-08-24 12:00:29 - [MESSAGE][PASSED] - Delayed 15 second(s)

2017-08-24 12:00:29 - [TEST_STEP][PASSED] - Statement - messageText = com.kms.katalon.core.mobile.keyword.MobileBuiltInKeywords.getAttribute(com.kms.katalon.core.testobject.ObjectRepository.findTestObject(SCM Mobile/Billing/Auto Pay/AutoPay Enrollment Text), "text", 5, CONTINUE_ON_FAILURE): Element 'Object Repository/SCM Mobile/Billing/Auto Pay/AutoPay Enrollment Text' has attribute 'text' is 'Your Auto Pay details have been saved successfully.'

2017-08-24 12:00:29 - [MESSAGE][PASSED] - Element 'Object Repository/SCM Mobile/Billing/Auto Pay/AutoPay Enrollment Text' has attribute 'text' is 'Your Auto Pay details have been saved successfully.'

2017-08-24 12:00:29 - [TEST_STEP][PASSED] - Statement - If (messageText.equals(null)): null

2017-08-24 12:00:29 - [TEST_STEP][PASSED] - Statement - Else: null

2017-08-24 12:00:29 - [TEST_STEP][PASSED] - Statement - If (messageText.equals("Your Auto Pay details have been saved successfully.")): null

2017-08-24 12:00:29 - [TEST_STEP][PASSED] - Statement - out.println("Your Auto Pay details have been saved successfully."): null

2017-08-24 12:00:29 - [TEST_STEP][PASSED] - tap: Tapped on element 'Object Repository/SCM Mobile/Billing/Auto Pay/Ok Button'

2017-08-24 12:00:29 - [MESSAGE][PASSED] - Tapped on element 'Object Repository/SCM Mobile/Billing/Auto Pay/Ok Button'

2017-08-24 12:00:29 - [TEST_STEP][PASSED] - delay: Delayed 15 second(s)

2017-08-24 12:00:44 - [MESSAGE][PASSED] - Delayed 15 second(s)

2017-08-24 12:00:44 - [TEST_STEP][PASSED] - tapAndHold: Tapped and held on element 'Object Repository/SCM Mobile/Billing/Auto Pay/AutoPay Enrolled Account Selection' with duration 6

2017-08-24 12:00:50 - [MESSAGE][PASSED] - Tapped and held on element 'Object Repository/SCM Mobile/Billing/Auto Pay/AutoPay Enrolled Account Selection' with duration 6

2017-08-24 12:00:50 - [TEST_STEP][PASSED] - tap: Tapped on element 'Object Repository/SCM Mobile/Billing/Auto Pay/Delete Button'

2017-08-24 12:00:51 - [MESSAGE][PASSED] - Tapped on element 'Object Repository/SCM Mobile/Billing/Auto Pay/Delete Button'

2017-08-24 12:00:51 - [TEST_STEP][PASSED] - Statement - messageText = com.kms.katalon.core.mobile.keyword.MobileBuiltInKeywords.getAttribute(com.kms.katalon.core.testobject.ObjectRepository.findTestObject(SCM Mobile/Billing/Auto Pay/AutoPay Unerollment Text), "text", 5, CONTINUE_ON_FAILURE): Element 'Object Repository/SCM Mobile/Billing/Auto Pay/AutoPay Unerollment Text' has attribute 'text' is 'You have been successfully unenrolled from Auto Pay.'

2017-08-24 12:00:52 - [MESSAGE][PASSED] - Element 'Object Repository/SCM Mobile/Billing/Auto Pay/AutoPay Unerollment Text' has attribute 'text' is 'You have been successfully unenrolled from Auto Pay.'

2017-08-24 12:00:52 - [TEST_STEP][PASSED] - Statement - If (messageText.equals(null)): null

2017-08-24 12:00:52 - [TEST_STEP][PASSED] - Statement - Else: null

2017-08-24 12:00:52 - [TEST_STEP][PASSED] - Statement - If (messageText.equals("You have been successfully unenrolled from Auto Pay.")): null

2017-08-24 12:00:52 - [TEST_STEP][PASSED] - Statement - out.println("You have been successfully unenrolled from Auto Pay."): null

2017-08-24 12:00:52 - [TEST_STEP][PASSED] - tap: Tapped on element 'Object Repository/SCM Mobile/Billing/Auto Pay/Ok Button'

2017-08-24 12:00:53 - [MESSAGE][PASSED] - Tapped on element 'Object Repository/SCM Mobile/Billing/Auto Pay/Ok Button'

2017-08-24 12:00:53 - [TEST_STEP][PASSED] - delay: Delayed 45 second(s)

2017-08-24 12:01:38 - [MESSAGE][PASSED] - Delayed 45 second(s)

2017-08-24 12:01:38 - [TEST_STEP][PASSED] - delay: Delayed 10 second(s)

2017-08-24 12:01:48 - [MESSAGE][PASSED] - Delayed 10 second(s)

2017-08-24 12:01:48 - [TEST_STEP][PASSED] - pressBack: Press back button successfully

2017-08-24 12:01:48 - [MESSAGE][PASSED] - Press back button successfully

2017-08-24 12:01:48 - [TEST_STEP][PASSED] - delay: Delayed 20 second(s)

2017-08-24 12:02:08 - [MESSAGE][PASSED] - Delayed 20 second(s)

2017-08-24 12:02:08 - [TEST_STEP][PASSED] - Statement - If (ls.get(index).getText().equals("Utility Bill")): null

2017-08-24 12:02:09 - [TEST_STEP][PASSED] - Statement - If (ls.get(index).getText().equals("Utility Bill")): null

2017-08-24 12:02:09 - [TEST_STEP][PASSED] - Statement - If (ls.get(index).getText().equals("Utility Bill")): null

2017-08-24 12:02:09 - [TEST_STEP][PASSED] - Statement - Else If (ls.get(index).getText().equals("History")): null

2017-08-24 12:02:09 - [TEST_STEP][PASSED] - Statement - Else If (ls.get(index).getText().equals("Budget My Bill")): null

2017-08-24 12:02:09 - [TEST_STEP][PASSED] - Statement - Else If (ls.get(index).getText().equals("Auto Pay")): null

2017-08-24 12:02:09 - [TEST_STEP][PASSED] - Statement - Else If (ls.get(index).getText().equals("Rate Analysis")): Delayed 10 second(s)

2017-08-24 12:02:09 - [TEST_STEP][PASSED] - Comment - "Veryfing Billing - Rate Analysis": null

2017-08-24 12:02:09 - [TEST_STEP][PASSED] - tap: Tapped on element 'Object Repository/SCM Mobile/Billing/Rate Analysis/Rate Analysis Menu 1'

2017-08-24 12:02:09 - [MESSAGE][PASSED] - Tapped on element 'Object Repository/SCM Mobile/Billing/Rate Analysis/Rate Analysis Menu 1'

2017-08-24 12:02:09 - [TEST_STEP][PASSED] - delay: Delayed 50 second(s)

2017-08-24 12:02:59 - [MESSAGE][PASSED] - Delayed 50 second(s)

2017-08-24 12:02:59 - [TEST_STEP][PASSED] - pressBack: Press back button successfully

2017-08-24 12:03:00 - [MESSAGE][PASSED] - Press back button successfully

2017-08-24 12:03:00 - [TEST_STEP][PASSED] - delay: Delayed 10 second(s)

2017-08-24 12:03:10 - [MESSAGE][PASSED] - Delayed 10 second(s)

2017-08-24 12:03:10 - [TEST_STEP][PASSED] - Statement - If (ls.get(index).getText().equals("Utility Bill")): null

2017-08-24 12:03:10 - [TEST_STEP][PASSED] - Statement - If (ls.get(index).getText().equals("Utility Bill")): null

2017-08-24 12:03:10 - [TEST_STEP][PASSED] - Statement - If (ls.get(index).getText().equals("Utility Bill")): null

2017-08-24 12:03:10 - [TEST_STEP][PASSED] - Statement - Else If (ls.get(index).getText().equals("History")): null

2017-08-24 12:03:10 - [TEST_STEP][PASSED] - Statement - Else If (ls.get(index).getText().equals("Budget My Bill")): null

2017-08-24 12:03:10 - [TEST_STEP][PASSED] - Statement - Else If (ls.get(index).getText().equals("Auto Pay")): null

2017-08-24 12:03:10 - [TEST_STEP][PASSED] - Statement - Else If (ls.get(index).getText().equals("Rate Analysis")): null

2017-08-24 12:03:10 - [TEST_STEP][PASSED] - Statement - Else If (ls.get(index).getText().equals("Level Pay")): Delayed 10 second(s)

2017-08-24 12:03:10 - [TEST_STEP][PASSED] - Comment - "Veryfing Billing - Level Pay": null

2017-08-24 12:03:10 - [TEST_STEP][PASSED] - tap: Tapped on element 'Object Repository/SCM Mobile/Billing/Level Pay/Level Pay Menu'

2017-08-24 12:03:11 - [MESSAGE][PASSED] - Tapped on element 'Object Repository/SCM Mobile/Billing/Level Pay/Level Pay Menu'

2017-08-24 12:03:11 - [TEST_STEP][PASSED] - delay: Delayed 50 second(s)

2017-08-24 12:04:01 - [MESSAGE][PASSED] - Delayed 50 second(s)

2017-08-24 12:04:01 - [TEST_STEP][PASSED] - pressBack: Press back button successfully

2017-08-24 12:04:01 - [MESSAGE][PASSED] - Press back button successfully

2017-08-24 12:04:01 - [TEST_STEP][PASSED] - delay: Delayed 10 second(s)

2017-08-24 12:04:11 - [MESSAGE][PASSED] - Delayed 10 second(s)

2017-08-24 12:04:11 - [TEST_STEP][PASSED] - Statement - If (ls.get(index).getText().equals("Utility Bill")): null

2017-08-24 12:04:11 - [TEST_STEP][PASSED] - Statement - If (ls.get(index).getText().equals("Utility Bill")): null

2017-08-24 12:04:12 - [TEST_STEP][PASSED] - Statement - If (ls.get(index).getText().equals("Utility Bill")): null

2017-08-24 12:04:12 - [TEST_STEP][PASSED] - Statement - If (ls.get(index).getText().equals("Utility Bill")): null

2017-08-24 12:04:12 - [TEST_STEP][PASSED] - Statement - If (ls.get(index).getText().equals("Utility Bill")): null

2017-08-24 12:04:13 - [TEST_STEP][PASSED] - pressBack: Press back button successfully

2017-08-24 12:04:13 - [MESSAGE][PASSED] - Press back button successfully

2017-08-24 12:04:13 - [TEST_STEP][PASSED] - delay: Delayed 20 second(s)

2017-08-24 12:04:33 - [MESSAGE][PASSED] - Delayed 20 second(s)]]></system-out>
         <system-err><![CDATA[]]></system-err>
      </testcase>
      <testcase name="Test Cases/Usage" classname="Test Cases/Usage" status="PASSED">
         <system-out><![CDATA[2017-08-24 12:04:33 - [TEST_CASE][PASSED] - Test Cases/Usage: Test Cases/Usage

2017-08-24 12:04:33 - [TEST_STEP][PASSED] - Statement - messageText = null: null

2017-08-24 12:04:33 - [TEST_STEP][PASSED] - delay: Delayed 50 second(s)

2017-08-24 12:05:23 - [MESSAGE][PASSED] - Delayed 50 second(s)

2017-08-24 12:05:23 - [TEST_STEP][PASSED] - Statement - If (com.kms.katalon.core.mobile.keyword.MobileBuiltInKeywords.verifyElementVisible(com.kms.katalon.core.testobject.ObjectRepository.findTestObject(SCM Mobile/LandingPage/Usage Menu), 3, CONTINUE_ON_FAILURE) == false): Element 'Object Repository/SCM Mobile/LandingPage/Usage Menu' is visible

2017-08-24 12:05:24 - [MESSAGE][PASSED] - Element 'Object Repository/SCM Mobile/LandingPage/Usage Menu' is visible

2017-08-24 12:05:24 - [TEST_STEP][PASSED] - Statement - Else: Press back button successfully

2017-08-24 12:05:24 - [TEST_STEP][PASSED] - tap: Tapped on element 'Object Repository/SCM Mobile/LandingPage/Usage Menu'

2017-08-24 12:05:24 - [MESSAGE][PASSED] - Tapped on element 'Object Repository/SCM Mobile/LandingPage/Usage Menu'

2017-08-24 12:05:24 - [TEST_STEP][PASSED] - delay: Delayed 10 second(s)

2017-08-24 12:05:34 - [MESSAGE][PASSED] - Delayed 10 second(s)

2017-08-24 12:05:34 - [TEST_STEP][PASSED] - Statement - driver = com.kms.katalon.core.mobile.keyword.internal.MobileDriverFactory.getDriver(): null

2017-08-24 12:05:34 - [TEST_STEP][PASSED] - Statement - ls = driver.findElementsByClassName("android.widget.TextView"): null

2017-08-24 12:05:35 - [TEST_STEP][PASSED] - Statement - println(ls.size()): null

2017-08-24 12:05:35 - [TEST_STEP][PASSED] - Statement - For ([index = 0, index < ls.size(), (index++)]): null

2017-08-24 12:05:35 - [TEST_STEP][PASSED] - Statement - If (ls.get(index).getText().equals("Power")): null

2017-08-24 12:05:35 - [TEST_STEP][PASSED] - Statement - If (ls.get(index).getText().equals("Power")): null

2017-08-24 12:05:35 - [TEST_STEP][PASSED] - Statement - If (ls.get(index).getText().equals("Power")): null

2017-08-24 12:05:35 - [TEST_STEP][PASSED] - Statement - If (ls.get(index).getText().equals("Power")): Delayed 30 second(s)

2017-08-24 12:05:35 - [TEST_STEP][PASSED] - Comment - "Veryfing Usage - Power": null

2017-08-24 12:05:35 - [TEST_STEP][PASSED] - tap: Tapped on element 'Object Repository/SCM Mobile/Usage/Power/Power Menu'

2017-08-24 12:05:35 - [MESSAGE][PASSED] - Tapped on element 'Object Repository/SCM Mobile/Usage/Power/Power Menu'

2017-08-24 12:05:35 - [TEST_STEP][PASSED] - delay: Delayed 10 second(s)

2017-08-24 12:05:45 - [MESSAGE][PASSED] - Delayed 10 second(s)

2017-08-24 12:05:45 - [TEST_STEP][PASSED] - Statement - If (com.kms.katalon.core.mobile.keyword.MobileBuiltInKeywords.verifyElementVisible(com.kms.katalon.core.testobject.ObjectRepository.findTestObject(SCM Mobile/Usage/Power/kWh Unit), 3, CONTINUE_ON_FAILURE) == true): null

2017-08-24 12:05:46 - [MESSAGE][PASSED] - Element 'Object Repository/SCM Mobile/Usage/Power/kWh Unit' is visible

2017-08-24 12:05:46 - [TEST_STEP][PASSED] - Statement - println("Power kWh unit is displayed"): null

2017-08-24 12:05:46 - [TEST_STEP][PASSED] - tap: Tapped on element 'Object Repository/SCM Mobile/Usage/Power/kWh Unit'

2017-08-24 12:05:46 - [MESSAGE][PASSED] - Tapped on element 'Object Repository/SCM Mobile/Usage/Power/kWh Unit'

2017-08-24 12:05:46 - [TEST_STEP][PASSED] - Statement - If (com.kms.katalon.core.mobile.keyword.MobileBuiltInKeywords.verifyElementVisible(com.kms.katalon.core.testobject.ObjectRepository.findTestObject(SCM Mobile/Usage/Power/Usage HighChart), 3, CONTINUE_ON_FAILURE) == true): null

2017-08-24 12:05:48 - [MESSAGE][PASSED] - Element 'Object Repository/SCM Mobile/Usage/Power/Usage HighChart' is visible

2017-08-24 12:05:48 - [TEST_STEP][PASSED] - Statement - println("Usage - Power - kWh - HighChart is displayed"): null

2017-08-24 12:05:48 - [TEST_STEP][PASSED] - delay: Delayed 10 second(s)

2017-08-24 12:05:58 - [MESSAGE][PASSED] - Delayed 10 second(s)

2017-08-24 12:05:58 - [TEST_STEP][PASSED] - Statement - If (com.kms.katalon.core.mobile.keyword.MobileBuiltInKeywords.verifyElementVisible(com.kms.katalon.core.testobject.ObjectRepository.findTestObject(SCM Mobile/Usage/Power/Dollar Unit), 3, CONTINUE_ON_FAILURE) == true): null

2017-08-24 12:05:59 - [MESSAGE][PASSED] - Element 'Object Repository/SCM Mobile/Usage/Power/Dollar Unit' is visible

2017-08-24 12:05:59 - [TEST_STEP][PASSED] - Statement - println("Power Dollar unit is displayed"): null

2017-08-24 12:05:59 - [TEST_STEP][PASSED] - tap: Tapped on element 'Object Repository/SCM Mobile/Usage/Power/Dollar Unit'

2017-08-24 12:05:59 - [MESSAGE][PASSED] - Tapped on element 'Object Repository/SCM Mobile/Usage/Power/Dollar Unit'

2017-08-24 12:05:59 - [TEST_STEP][PASSED] - Statement - If (com.kms.katalon.core.mobile.keyword.MobileBuiltInKeywords.verifyElementVisible(com.kms.katalon.core.testobject.ObjectRepository.findTestObject(SCM Mobile/Usage/Power/Usage HighChart), 3, CONTINUE_ON_FAILURE) == true): null

2017-08-24 12:06:01 - [MESSAGE][PASSED] - Element 'Object Repository/SCM Mobile/Usage/Power/Usage HighChart' is visible

2017-08-24 12:06:01 - [TEST_STEP][PASSED] - Statement - println("Usage - Power - Dollar - HighChart is displayed"): null

2017-08-24 12:06:01 - [TEST_STEP][PASSED] - delay: Delayed 10 second(s)

2017-08-24 12:06:11 - [MESSAGE][PASSED] - Delayed 10 second(s)

2017-08-24 12:06:11 - [TEST_STEP][PASSED] - pressBack: Press back button successfully

2017-08-24 12:06:11 - [MESSAGE][PASSED] - Press back button successfully

2017-08-24 12:06:11 - [TEST_STEP][PASSED] - delay: Delayed 30 second(s)

2017-08-24 12:06:41 - [MESSAGE][PASSED] - Delayed 30 second(s)

2017-08-24 12:06:41 - [TEST_STEP][PASSED] - Statement - If (ls.get(index).getText().equals("Power")): null

2017-08-24 12:06:41 - [TEST_STEP][PASSED] - Statement - If (ls.get(index).getText().equals("Power")): null

2017-08-24 12:06:41 - [TEST_STEP][PASSED] - Statement - If (ls.get(index).getText().equals("Power")): null

2017-08-24 12:06:41 - [TEST_STEP][PASSED] - Statement - If (ls.get(index).getText().equals("Power")): null

2017-08-24 12:06:42 - [TEST_STEP][PASSED] - Statement - Else If (ls.get(index).getText().equals("Water")): Delayed 30 second(s)

2017-08-24 12:06:42 - [TEST_STEP][PASSED] - Comment - "Veryfing Usage - Water": null

2017-08-24 12:06:42 - [TEST_STEP][PASSED] - tap: Tapped on element 'Object Repository/SCM Mobile/Usage/Water/Water Menu'

2017-08-24 12:06:42 - [MESSAGE][PASSED] - Tapped on element 'Object Repository/SCM Mobile/Usage/Water/Water Menu'

2017-08-24 12:06:42 - [TEST_STEP][PASSED] - delay: Delayed 10 second(s)

2017-08-24 12:06:52 - [MESSAGE][PASSED] - Delayed 10 second(s)

2017-08-24 12:06:52 - [TEST_STEP][PASSED] - Statement - If (com.kms.katalon.core.mobile.keyword.MobileBuiltInKeywords.verifyElementVisible(com.kms.katalon.core.testobject.ObjectRepository.findTestObject(SCM Mobile/Usage/Water/Gal Unit), 3, CONTINUE_ON_FAILURE) == true): null

2017-08-24 12:06:53 - [MESSAGE][PASSED] - Element 'Object Repository/SCM Mobile/Usage/Water/Gal Unit' is visible

2017-08-24 12:06:53 - [TEST_STEP][PASSED] - Statement - println("Water Gal unit is displayed"): null

2017-08-24 12:06:53 - [TEST_STEP][PASSED] - tap: Tapped on element 'Object Repository/SCM Mobile/Usage/Water/Gal Unit'

2017-08-24 12:06:53 - [MESSAGE][PASSED] - Tapped on element 'Object Repository/SCM Mobile/Usage/Water/Gal Unit'

2017-08-24 12:06:53 - [TEST_STEP][PASSED] - Statement - If (com.kms.katalon.core.mobile.keyword.MobileBuiltInKeywords.verifyElementVisible(com.kms.katalon.core.testobject.ObjectRepository.findTestObject(SCM Mobile/Usage/Water/Usage HighChart), 3, CONTINUE_ON_FAILURE) == true): null

2017-08-24 12:06:56 - [MESSAGE][PASSED] - Element 'Object Repository/SCM Mobile/Usage/Water/Usage HighChart' is visible

2017-08-24 12:06:56 - [TEST_STEP][PASSED] - Statement - println("Usage - Water - Gal - HighChart is displayed"): null

2017-08-24 12:06:56 - [TEST_STEP][PASSED] - delay: Delayed 10 second(s)

2017-08-24 12:07:06 - [MESSAGE][PASSED] - Delayed 10 second(s)

2017-08-24 12:07:06 - [TEST_STEP][PASSED] - Statement - If (com.kms.katalon.core.mobile.keyword.MobileBuiltInKeywords.verifyElementVisible(com.kms.katalon.core.testobject.ObjectRepository.findTestObject(SCM Mobile/Usage/Water/Dollar Unit), 3, CONTINUE_ON_FAILURE) == true): null

2017-08-24 12:07:06 - [MESSAGE][PASSED] - Element 'Object Repository/SCM Mobile/Usage/Water/Dollar Unit' is visible

2017-08-24 12:07:06 - [TEST_STEP][PASSED] - Statement - println("Water Dollar unit is displayed"): null

2017-08-24 12:07:06 - [TEST_STEP][PASSED] - tap: Tapped on element 'Object Repository/SCM Mobile/Usage/Water/Dollar Unit'

2017-08-24 12:07:06 - [MESSAGE][PASSED] - Tapped on element 'Object Repository/SCM Mobile/Usage/Water/Dollar Unit'

2017-08-24 12:07:06 - [TEST_STEP][PASSED] - Statement - If (com.kms.katalon.core.mobile.keyword.MobileBuiltInKeywords.verifyElementVisible(com.kms.katalon.core.testobject.ObjectRepository.findTestObject(SCM Mobile/Usage/Water/Usage HighChart), 3, CONTINUE_ON_FAILURE) == true): null

2017-08-24 12:07:09 - [MESSAGE][PASSED] - Element 'Object Repository/SCM Mobile/Usage/Water/Usage HighChart' is visible

2017-08-24 12:07:09 - [TEST_STEP][PASSED] - Statement - println("Usage - Water - Dollar - HighChart is displayed"): null

2017-08-24 12:07:09 - [TEST_STEP][PASSED] - delay: Delayed 10 second(s)

2017-08-24 12:07:19 - [MESSAGE][PASSED] - Delayed 10 second(s)

2017-08-24 12:07:19 - [TEST_STEP][PASSED] - Statement - If (com.kms.katalon.core.mobile.keyword.MobileBuiltInKeywords.verifyElementVisible(com.kms.katalon.core.testobject.ObjectRepository.findTestObject(SCM Mobile/Usage/Water/HCF Unit), 3, CONTINUE_ON_FAILURE) == true): null

2017-08-24 12:07:20 - [MESSAGE][PASSED] - Element 'Object Repository/SCM Mobile/Usage/Water/HCF Unit' is visible

2017-08-24 12:07:20 - [TEST_STEP][PASSED] - Statement - println("Water HCF unit is displayed"): null

2017-08-24 12:07:20 - [TEST_STEP][PASSED] - tap: Tapped on element 'Object Repository/SCM Mobile/Usage/Water/HCF Unit'

2017-08-24 12:07:20 - [MESSAGE][PASSED] - Tapped on element 'Object Repository/SCM Mobile/Usage/Water/HCF Unit'

2017-08-24 12:07:20 - [TEST_STEP][PASSED] - Statement - If (com.kms.katalon.core.mobile.keyword.MobileBuiltInKeywords.verifyElementVisible(com.kms.katalon.core.testobject.ObjectRepository.findTestObject(SCM Mobile/Usage/Water/Usage HighChart), 3, CONTINUE_ON_FAILURE) == true): null

2017-08-24 12:07:22 - [MESSAGE][PASSED] - Element 'Object Repository/SCM Mobile/Usage/Water/Usage HighChart' is visible

2017-08-24 12:07:22 - [TEST_STEP][PASSED] - Statement - println("Usage - Water - HCF - HighChart is displayed"): null

2017-08-24 12:07:22 - [TEST_STEP][PASSED] - delay: Delayed 10 second(s)

2017-08-24 12:07:32 - [MESSAGE][PASSED] - Delayed 10 second(s)

2017-08-24 12:07:33 - [TEST_STEP][PASSED] - pressBack: Press back button successfully

2017-08-24 12:07:33 - [MESSAGE][PASSED] - Press back button successfully

2017-08-24 12:07:33 - [TEST_STEP][PASSED] - delay: Delayed 30 second(s)

2017-08-24 12:08:03 - [MESSAGE][PASSED] - Delayed 30 second(s)

2017-08-24 12:08:03 - [TEST_STEP][PASSED] - Statement - If (ls.get(index).getText().equals("Power")): null

2017-08-24 12:08:03 - [TEST_STEP][PASSED] - Statement - If (ls.get(index).getText().equals("Power")): null

2017-08-24 12:08:03 - [TEST_STEP][PASSED] - Statement - If (ls.get(index).getText().equals("Power")): null

2017-08-24 12:08:03 - [TEST_STEP][PASSED] - Statement - If (ls.get(index).getText().equals("Power")): null

2017-08-24 12:08:04 - [TEST_STEP][PASSED] - Statement - Else If (ls.get(index).getText().equals("Water")): null

2017-08-24 12:08:04 - [TEST_STEP][PASSED] - Statement - Else If (ls.get(index).getText().equals("Solar")): null

2017-08-24 12:08:04 - [TEST_STEP][PASSED] - Statement - Else If (ls.get(index).getText().equals("Gas")): Delayed 30 second(s)

2017-08-24 12:08:04 - [TEST_STEP][PASSED] - Comment - "Veryfing Usage - Gas": null

2017-08-24 12:08:04 - [TEST_STEP][PASSED] - tap: Tapped on element 'Object Repository/SCM Mobile/Usage/Gas/Gas Menu'

2017-08-24 12:08:04 - [MESSAGE][PASSED] - Tapped on element 'Object Repository/SCM Mobile/Usage/Gas/Gas Menu'

2017-08-24 12:08:04 - [TEST_STEP][PASSED] - Statement - If (com.kms.katalon.core.mobile.keyword.MobileBuiltInKeywords.verifyElementVisible(com.kms.katalon.core.testobject.ObjectRepository.findTestObject(SCM Mobile/Usage/Gas/Dollar Unit), 10, CONTINUE_ON_FAILURE) == true): null

2017-08-24 12:08:10 - [MESSAGE][PASSED] - Element 'Object Repository/SCM Mobile/Usage/Gas/Dollar Unit' is visible

2017-08-24 12:08:10 - [TEST_STEP][PASSED] - Statement - println("Gas Dollar unit is displayed"): null

2017-08-24 12:08:10 - [TEST_STEP][PASSED] - tap: Tapped on element 'Object Repository/SCM Mobile/Usage/Gas/Dollar Unit'

2017-08-24 12:08:11 - [MESSAGE][PASSED] - Tapped on element 'Object Repository/SCM Mobile/Usage/Gas/Dollar Unit'

2017-08-24 12:08:11 - [TEST_STEP][PASSED] - Statement - If (com.kms.katalon.core.mobile.keyword.MobileBuiltInKeywords.verifyElementVisible(com.kms.katalon.core.testobject.ObjectRepository.findTestObject(SCM Mobile/Usage/Gas/Usage HighChart), 3, CONTINUE_ON_FAILURE) == true): null

2017-08-24 12:08:12 - [MESSAGE][PASSED] - Element 'Object Repository/SCM Mobile/Usage/Gas/Usage HighChart' is visible

2017-08-24 12:08:12 - [TEST_STEP][PASSED] - Statement - println("Usage - Gas - Dollar - HighChart is displayed"): null

2017-08-24 12:08:12 - [TEST_STEP][PASSED] - delay: Delayed 10 second(s)

2017-08-24 12:08:22 - [MESSAGE][PASSED] - Delayed 10 second(s)

2017-08-24 12:08:22 - [TEST_STEP][PASSED] - Statement - If (com.kms.katalon.core.mobile.keyword.MobileBuiltInKeywords.verifyElementVisible(com.kms.katalon.core.testobject.ObjectRepository.findTestObject(SCM Mobile/Usage/Gas/CCF Unit), 3, CONTINUE_ON_FAILURE) == true): null

2017-08-24 12:08:22 - [MESSAGE][PASSED] - Element 'Object Repository/SCM Mobile/Usage/Gas/CCF Unit' is visible

2017-08-24 12:08:22 - [TEST_STEP][PASSED] - Statement - println("Gas CCF unit is displayed"): null

2017-08-24 12:08:22 - [TEST_STEP][PASSED] - tap: Tapped on element 'Object Repository/SCM Mobile/Usage/Gas/CCF Unit'

2017-08-24 12:08:22 - [MESSAGE][PASSED] - Tapped on element 'Object Repository/SCM Mobile/Usage/Gas/CCF Unit'

2017-08-24 12:08:22 - [TEST_STEP][PASSED] - Statement - If (com.kms.katalon.core.mobile.keyword.MobileBuiltInKeywords.verifyElementVisible(com.kms.katalon.core.testobject.ObjectRepository.findTestObject(SCM Mobile/Usage/Gas/Usage HighChart), 3, CONTINUE_ON_FAILURE) == true): null

2017-08-24 12:08:24 - [MESSAGE][PASSED] - Element 'Object Repository/SCM Mobile/Usage/Gas/Usage HighChart' is visible

2017-08-24 12:08:24 - [TEST_STEP][PASSED] - Statement - println("Usage - Gas - CCF - HighChart is displayed"): null

2017-08-24 12:08:24 - [TEST_STEP][PASSED] - delay: Delayed 10 second(s)

2017-08-24 12:08:34 - [MESSAGE][PASSED] - Delayed 10 second(s)

2017-08-24 12:08:34 - [TEST_STEP][PASSED] - pressBack: Press back button successfully

2017-08-24 12:08:34 - [MESSAGE][PASSED] - Press back button successfully

2017-08-24 12:08:34 - [TEST_STEP][PASSED] - delay: Delayed 30 second(s)

2017-08-24 12:09:04 - [MESSAGE][PASSED] - Delayed 30 second(s)

2017-08-24 12:09:04 - [TEST_STEP][PASSED] - Statement - If (ls.get(index).getText().equals("Power")): null

2017-08-24 12:09:05 - [TEST_STEP][PASSED] - Statement - If (ls.get(index).getText().equals("Power")): null

2017-08-24 12:09:05 - [TEST_STEP][PASSED] - Statement - If (ls.get(index).getText().equals("Power")): null

2017-08-24 12:09:05 - [TEST_STEP][PASSED] - Statement - If (ls.get(index).getText().equals("Power")): null

2017-08-24 12:09:05 - [TEST_STEP][PASSED] - Statement - Else If (ls.get(index).getText().equals("Water")): null

2017-08-24 12:09:05 - [TEST_STEP][PASSED] - Statement - Else If (ls.get(index).getText().equals("Solar")): Delayed 30 second(s)

2017-08-24 12:09:05 - [TEST_STEP][PASSED] - Comment - "Veryfing Usage - Solar": null

2017-08-24 12:09:05 - [TEST_STEP][PASSED] - tap: Tapped on element 'Object Repository/SCM Mobile/Usage/Solar/Solar Menu'

2017-08-24 12:09:06 - [MESSAGE][PASSED] - Tapped on element 'Object Repository/SCM Mobile/Usage/Solar/Solar Menu'

2017-08-24 12:09:06 - [TEST_STEP][PASSED] - Statement - If (com.kms.katalon.core.mobile.keyword.MobileBuiltInKeywords.verifyElementVisible(com.kms.katalon.core.testobject.ObjectRepository.findTestObject(SCM Mobile/Usage/Solar/Dollar Unit), 15, CONTINUE_ON_FAILURE) == true): null

2017-08-24 12:09:15 - [MESSAGE][PASSED] - Element 'Object Repository/SCM Mobile/Usage/Solar/Dollar Unit' is visible

2017-08-24 12:09:15 - [TEST_STEP][PASSED] - Statement - println("Solar Dollar unit is displayed"): null

2017-08-24 12:09:15 - [TEST_STEP][PASSED] - tap: Tapped on element 'Object Repository/SCM Mobile/Usage/Solar/Dollar Unit'

2017-08-24 12:09:16 - [MESSAGE][PASSED] - Tapped on element 'Object Repository/SCM Mobile/Usage/Solar/Dollar Unit'

2017-08-24 12:09:16 - [TEST_STEP][PASSED] - delay: Delayed 30 second(s)

2017-08-24 12:09:46 - [MESSAGE][PASSED] - Delayed 30 second(s)

2017-08-24 12:09:46 - [TEST_STEP][PASSED] - Statement - If (com.kms.katalon.core.mobile.keyword.MobileBuiltInKeywords.verifyElementVisible(com.kms.katalon.core.testobject.ObjectRepository.findTestObject(SCM Mobile/Usage/Solar/Usage HighChart), 3, CONTINUE_ON_FAILURE) == true): null

2017-08-24 12:09:46 - [MESSAGE][PASSED] - Element 'Object Repository/SCM Mobile/Usage/Solar/Usage HighChart' is visible

2017-08-24 12:09:46 - [TEST_STEP][PASSED] - Statement - println("Usage - Solar - Dollar - HighChart is displayed"): null

2017-08-24 12:09:46 - [TEST_STEP][PASSED] - delay: Delayed 10 second(s)

2017-08-24 12:09:56 - [MESSAGE][PASSED] - Delayed 10 second(s)

2017-08-24 12:09:56 - [TEST_STEP][PASSED] - Statement - If (com.kms.katalon.core.mobile.keyword.MobileBuiltInKeywords.verifyElementVisible(com.kms.katalon.core.testobject.ObjectRepository.findTestObject(SCM Mobile/Usage/Solar/kWh Unit), 3, CONTINUE_ON_FAILURE) == true): null

2017-08-24 12:09:56 - [MESSAGE][PASSED] - Element 'Object Repository/SCM Mobile/Usage/Solar/kWh Unit' is visible

2017-08-24 12:09:56 - [TEST_STEP][PASSED] - Statement - println("Solar kWh unit is displayed"): null

2017-08-24 12:09:56 - [TEST_STEP][PASSED] - tap: Tapped on element 'Object Repository/SCM Mobile/Usage/Solar/kWh Unit'

2017-08-24 12:09:56 - [MESSAGE][PASSED] - Tapped on element 'Object Repository/SCM Mobile/Usage/Solar/kWh Unit'

2017-08-24 12:09:56 - [TEST_STEP][PASSED] - delay: Delayed 30 second(s)

2017-08-24 12:10:26 - [MESSAGE][PASSED] - Delayed 30 second(s)

2017-08-24 12:10:26 - [TEST_STEP][PASSED] - Statement - If (com.kms.katalon.core.mobile.keyword.MobileBuiltInKeywords.verifyElementVisible(com.kms.katalon.core.testobject.ObjectRepository.findTestObject(SCM Mobile/Usage/Solar/Usage HighChart), 3, CONTINUE_ON_FAILURE) == true): null

2017-08-24 12:10:27 - [MESSAGE][PASSED] - Element 'Object Repository/SCM Mobile/Usage/Solar/Usage HighChart' is visible

2017-08-24 12:10:27 - [TEST_STEP][PASSED] - Statement - println("Usage - Solar - kWh - HighChart is displayed"): null

2017-08-24 12:10:27 - [TEST_STEP][PASSED] - delay: Delayed 10 second(s)

2017-08-24 12:10:37 - [MESSAGE][PASSED] - Delayed 10 second(s)

2017-08-24 12:10:37 - [TEST_STEP][PASSED] - pressBack: Press back button successfully

2017-08-24 12:10:37 - [MESSAGE][PASSED] - Press back button successfully

2017-08-24 12:10:37 - [TEST_STEP][PASSED] - delay: Delayed 30 second(s)

2017-08-24 12:11:07 - [MESSAGE][PASSED] - Delayed 30 second(s)

2017-08-24 12:11:07 - [TEST_STEP][PASSED] - Statement - If (ls.get(index).getText().equals("Power")): null

2017-08-24 12:11:07 - [TEST_STEP][PASSED] - Statement - If (ls.get(index).getText().equals("Power")): null

2017-08-24 12:11:07 - [TEST_STEP][PASSED] - Statement - If (ls.get(index).getText().equals("Power")): null

2017-08-24 12:11:08 - [TEST_STEP][PASSED] - Statement - If (ls.get(index).getText().equals("Power")): null

2017-08-24 12:11:08 - [TEST_STEP][PASSED] - Statement - If (ls.get(index).getText().equals("Power")): null

2017-08-24 12:11:08 - [TEST_STEP][PASSED] - delay: Delayed 10 second(s)

2017-08-24 12:11:18 - [MESSAGE][PASSED] - Delayed 10 second(s)

2017-08-24 12:11:18 - [TEST_STEP][PASSED] - pressBack: Press back button successfully

2017-08-24 12:11:18 - [MESSAGE][PASSED] - Press back button successfully]]></system-out>
         <system-err><![CDATA[]]></system-err>
      </testcase>
      <testcase name="Test Cases/Outages" classname="Test Cases/Outages" status="PASSED">
         <system-out><![CDATA[2017-08-24 12:11:18 - [TEST_CASE][PASSED] - Test Cases/Outages: Test Cases/Outages

2017-08-24 12:11:19 - [TEST_STEP][PASSED] - Statement - sOutageTitleOnListOutagesPage = null: null

2017-08-24 12:11:19 - [TEST_STEP][PASSED] - Statement - sOutageTitleOnOutagesDetailsPage = null: null

2017-08-24 12:11:19 - [TEST_STEP][PASSED] - Statement - bResult = false: null

[...]

2017-08-24 12:28:13 - [TEST_STEP][PASSED] - Statement - println("Compare - Water - HCF - HighChart is displayed"): null

2017-08-24 12:28:13 - [TEST_STEP][PASSED] - delay: Delayed 10 second(s)

2017-08-24 12:28:23 - [MESSAGE][PASSED] - Delayed 10 second(s)

2017-08-24 12:28:23 - [TEST_STEP][PASSED] - pressBack: Press back button successfully

2017-08-24 12:28:24 - [MESSAGE][PASSED] - Press back button successfully

2017-08-24 12:28:24 - [TEST_STEP][PASSED] - delay: Delayed 30 second(s)

2017-08-24 12:28:54 - [MESSAGE][PASSED] - Delayed 30 second(s)

2017-08-24 12:28:54 - [TEST_STEP][PASSED] - Statement - If (ls.get(index).getText().equals("Power")): null

2017-08-24 12:28:54 - [TEST_STEP][PASSED] - Statement - If (ls.get(index).getText().equals("Power")): null

2017-08-24 12:28:54 - [TEST_STEP][PASSED] - Statement - If (ls.get(index).getText().equals("Power")): null

2017-08-24 12:28:54 - [TEST_STEP][PASSED] - Statement - If (ls.get(index).getText().equals("Power")): null

2017-08-24 12:28:54 - [TEST_STEP][PASSED] - Statement - Else If (ls.get(index).getText().equals("Water")): null

2017-08-24 12:28:54 - [TEST_STEP][PASSED] - Statement - Else If (ls.get(index).getText().equals("Gas")): Delayed 30 second(s)

2017-08-24 12:28:54 - [TEST_STEP][PASSED] - Comment - "Veryfing Compare - Gas": null

2017-08-24 12:28:54 - [TEST_STEP][PASSED] - tap: Tapped on element 'Object Repository/SCM Mobile/Compare/Gas/Gas Menu'

2017-08-24 12:28:55 - [MESSAGE][PASSED] - Tapped on element 'Object Repository/SCM Mobile/Compare/Gas/Gas Menu'

2017-08-24 12:28:55 - [TEST_STEP][PASSED] - Statement - If (com.kms.katalon.core.mobile.keyword.MobileBuiltInKeywords.verifyElementVisible(com.kms.katalon.core.testobject.ObjectRepository.findTestObject(SCM Mobile/Compare/Gas/Dollar Unit), 10, CONTINUE_ON_FAILURE) == true): null

2017-08-24 12:29:00 - [MESSAGE][PASSED] - Element 'Object Repository/SCM Mobile/Compare/Gas/Dollar Unit' is visible

2017-08-24 12:29:00 - [TEST_STEP][PASSED] - Statement - println("Gas Dollar unit is displayed"): null

2017-08-24 12:29:00 - [TEST_STEP][PASSED] - tap: Tapped on element 'Object Repository/SCM Mobile/Compare/Gas/Dollar Unit'

2017-08-24 12:29:00 - [MESSAGE][PASSED] - Tapped on element 'Object Repository/SCM Mobile/Compare/Gas/Dollar Unit'

2017-08-24 12:29:00 - [TEST_STEP][PASSED] - Statement - If (com.kms.katalon.core.mobile.keyword.MobileBuiltInKeywords.verifyElementVisible(com.kms.katalon.core.testobject.ObjectRepository.findTestObject(SCM Mobile/Compare/Gas/Compare HighChart), 3, CONTINUE_ON_FAILURE) == true): null

2017-08-24 12:29:01 - [MESSAGE][PASSED] - Element 'Object Repository/SCM Mobile/Compare/Gas/Compare HighChart' is visible

2017-08-24 12:29:01 - [TEST_STEP][PASSED] - Statement - println("Compare - Gas - Dollar - HighChart is displayed"): null

2017-08-24 12:29:01 - [TEST_STEP][PASSED] - delay: Delayed 10 second(s)

2017-08-24 12:29:11 - [MESSAGE][PASSED] - Delayed 10 second(s)

2017-08-24 12:29:11 - [TEST_STEP][PASSED] - Statement - If (com.kms.katalon.core.mobile.keyword.MobileBuiltInKeywords.verifyElementVisible(com.kms.katalon.core.testobject.ObjectRepository.findTestObject(SCM Mobile/Compare/Gas/CCF Unit), 3, CONTINUE_ON_FAILURE) == true): null

2017-08-24 12:29:11 - [MESSAGE][PASSED] - Element 'Object Repository/SCM Mobile/Compare/Gas/CCF Unit' is visible

2017-08-24 12:29:11 - [TEST_STEP][PASSED] - Statement - println("Gas CCF unit is displayed"): null

2017-08-24 12:29:11 - [TEST_STEP][PASSED] - tap: Tapped on element 'Object Repository/SCM Mobile/Compare/Gas/CCF Unit'

2017-08-24 12:29:12 - [MESSAGE][PASSED] - Tapped on element 'Object Repository/SCM Mobile/Compare/Gas/CCF Unit'

2017-08-24 12:29:12 - [TEST_STEP][PASSED] - Statement - If (com.kms.katalon.core.mobile.keyword.MobileBuiltInKeywords.verifyElementVisible(com.kms.katalon.core.testobject.ObjectRepository.findTestObject(SCM Mobile/Compare/Gas/Compare HighChart), 3, CONTINUE_ON_FAILURE) == true): null

2017-08-24 12:29:14 - [MESSAGE][PASSED] - Element 'Object Repository/SCM Mobile/Compare/Gas/Compare HighChart' is visible

2017-08-24 12:29:14 - [TEST_STEP][PASSED] - Statement - println("Compare - Gas - CCF - HighChart is displayed"): null

2017-08-24 12:29:14 - [TEST_STEP][PASSED] - delay: Delayed 10 second(s)

2017-08-24 12:29:24 - [MESSAGE][PASSED] - Delayed 10 second(s)

2017-08-24 12:29:24 - [TEST_STEP][PASSED] - pressBack: Press back button successfully

2017-08-24 12:29:24 - [MESSAGE][PASSED] - Press back button successfully

2017-08-24 12:29:24 - [TEST_STEP][PASSED] - delay: Delayed 30 second(s)

2017-08-24 12:29:54 - [MESSAGE][PASSED] - Delayed 30 second(s)

2017-08-24 12:29:54 - [TEST_STEP][PASSED] - Statement - If (ls.get(index).getText().equals("Power")): null

2017-08-24 12:29:54 - [TEST_STEP][PASSED] - Statement - If (ls.get(index).getText().equals("Power")): null

2017-08-24 12:29:54 - [TEST_STEP][PASSED] - Statement - If (ls.get(index).getText().equals("Power")): null

2017-08-24 12:29:54 - [TEST_STEP][PASSED] - Statement - If (ls.get(index).getText().equals("Power")): null

2017-08-24 12:29:55 - [TEST_STEP][PASSED] - Statement - If (ls.get(index).getText().equals("Power")): null

2017-08-24 12:29:55 - [TEST_STEP][PASSED] - delay: Delayed 10 second(s)

2017-08-24 12:30:05 - [MESSAGE][PASSED] - Delayed 10 second(s)

2017-08-24 12:30:05 - [TEST_STEP][PASSED] - pressBack: Press back button successfully

2017-08-24 12:30:05 - [MESSAGE][PASSED] - Press back button successfully]]></system-out>
         <system-err><![CDATA[]]></system-err>
      </testcase>
      <testcase name="Test Cases/Electric Vehicle" classname="Test Cases/Electric Vehicle" status="PASSED">
         <system-out><![CDATA[2017-08-24 12:30:05 - [TEST_CASE][PASSED] - Test Cases/Electric Vehicle: Test Cases/Electric Vehicle

2017-08-24 12:30:05 - [TEST_STEP][PASSED] - Statement - messageText = null: null

2017-08-24 12:30:05 - [TEST_STEP][PASSED] - Statement - bResult = false: null

2017-08-24 12:30:05 - [TEST_STEP][PASSED] - Statement - bResult1 = true: null

2017-08-24 12:30:05 - [TEST_STEP][PASSED] - Statement - sCar = null: null

2017-08-24 12:30:05 - [TEST_STEP][PASSED] - Statement - If (com.kms.katalon.core.mobile.keyword.MobileBuiltInKeywords.verifyElementVisible(com.kms.katalon.core.testobject.ObjectRepository.findTestObject(SCM Mobile/LandingPage/EV Menu), 3, CONTINUE_ON_FAILURE) == false): Element 'Object Repository/SCM Mobile/LandingPage/EV Menu' is visible

2017-08-24 12:30:09 - [MESSAGE][PASSED] - Element 'Object Repository/SCM Mobile/LandingPage/EV Menu' is visible

2017-08-24 12:30:09 - [TEST_STEP][PASSED] - Statement - Else: Press back button successfully

2017-08-24 12:30:09 - [TEST_STEP][PASSED] - tap: Tapped on element 'Object Repository/SCM Mobile/LandingPage/EV Menu'

2017-08-24 12:30:09 - [MESSAGE][PASSED] - Tapped on element 'Object Repository/SCM Mobile/LandingPage/EV Menu'

2017-08-24 12:30:09 - [TEST_STEP][PASSED] - delay: Delayed 10 second(s)

2017-08-24 12:30:19 - [MESSAGE][PASSED] - Delayed 10 second(s)

2017-08-24 12:30:19 - [TEST_STEP][PASSED] - Statement - driver = com.kms.katalon.core.mobile.keyword.internal.MobileDriverFactory.getDriver(): null

2017-08-24 12:30:19 - [TEST_STEP][PASSED] - Statement - ls = driver.findElementsByClassName("android.widget.TextView"): null

2017-08-24 12:30:19 - [TEST_STEP][PASSED] - Statement - println(ls.size()): null

2017-08-24 12:30:19 - [TEST_STEP][PASSED] - Statement - For ([index = 0, index < ls.size(), (index++)]): null

2017-08-24 12:30:19 - [TEST_STEP][PASSED] - Statement - If (ls.get(index).getText().equals("Electric Vehicle")): null

2017-08-24 12:30:20 - [TEST_STEP][PASSED] - Statement - If (ls.get(index).getText().equals("Electric Vehicle")): Delayed 10 second(s)

2017-08-24 12:30:20 - [TEST_STEP][PASSED] - delay: Delayed 10 second(s)

2017-08-24 12:30:30 - [MESSAGE][PASSED] - Delayed 10 second(s)

2017-08-24 12:30:30 - [TEST_STEP][PASSED] - tap: Tapped on element 'Object Repository/SCM Mobile/Electric Vehicle/EV/Electric Vehicle Menu'

2017-08-24 12:30:30 - [MESSAGE][PASSED] - Tapped on element 'Object Repository/SCM Mobile/Electric Vehicle/EV/Electric Vehicle Menu'

2017-08-24 12:30:30 - [TEST_STEP][PASSED] - tap: Tapped on element 'Object Repository/SCM Mobile/Electric Vehicle/EV/Add Button'

2017-08-24 12:30:33 - [MESSAGE][PASSED] - Tapped on element 'Object Repository/SCM Mobile/Electric Vehicle/EV/Add Button'

2017-08-24 12:30:33 - [TEST_STEP][PASSED] - Statement - lCarList = driver.findElementsByClassName("android.widget.CheckedTextView"): null

2017-08-24 12:30:35 - [TEST_STEP][PASSED] - Statement - println(lCarList.size()): null

2017-08-24 12:30:35 - [TEST_STEP][PASSED] - Statement - For ([index1 = 0, index1 < 1, (index1++)]): null

2017-08-24 12:30:35 - [TEST_STEP][PASSED] - Statement - If (lCarList.get(index1).isSelected() == true): null

2017-08-24 12:30:35 - [TEST_STEP][PASSED] - Statement - Else: null

2017-08-24 12:30:35 - [TEST_STEP][PASSED] - Statement - bResult = false: null

2017-08-24 12:30:35 - [TEST_STEP][PASSED] - Statement - sCar = lCarList.get(index1).getText(): null

2017-08-24 12:30:35 - [TEST_STEP][PASSED] - Statement - lCarList.get(index1).click(): null

2017-08-24 12:30:36 - [TEST_STEP][PASSED] - Statement - println(lCarList.get(index1).getText() + " is selected"): null

2017-08-24 12:30:36 - [TEST_STEP][PASSED] - tap: Tapped on element 'Object Repository/SCM Mobile/Electric Vehicle/EV/Save Button'

2017-08-24 12:30:37 - [MESSAGE][PASSED] - Tapped on element 'Object Repository/SCM Mobile/Electric Vehicle/EV/Save Button'

2017-08-24 12:30:37 - [TEST_STEP][PASSED] - Statement - messageText = com.kms.katalon.core.mobile.keyword.MobileBuiltInKeywords.getAttribute(com.kms.katalon.core.testobject.ObjectRepository.findTestObject(SCM Mobile/Electric Vehicle/EV/EV Setting Save Text), "text", 5, CONTINUE_ON_FAILURE): Element 'Object Repository/SCM Mobile/Electric Vehicle/EV/EV Setting Save Text' has attribute 'text' is 'Your settings have been saved successfully.'

2017-08-24 12:30:39 - [MESSAGE][PASSED] - Element 'Object Repository/SCM Mobile/Electric Vehicle/EV/EV Setting Save Text' has attribute 'text' is 'Your settings have been saved successfully.'

2017-08-24 12:30:39 - [TEST_STEP][PASSED] - Statement - If (messageText.equals(null)): null

2017-08-24 12:30:39 - [TEST_STEP][PASSED] - Statement - Else: null

2017-08-24 12:30:39 - [TEST_STEP][PASSED] - Statement - If (messageText.equals("Your settings have been saved successfully.")): null

2017-08-24 12:30:39 - [TEST_STEP][PASSED] - Statement - out.println("Your EV settings have been saved successfully."): null

2017-08-24 12:30:39 - [TEST_STEP][PASSED] - tap: Tapped on element 'Object Repository/SCM Mobile/Electric Vehicle/EV/EV Setting Save Popup Ok Button'

2017-08-24 12:30:39 - [MESSAGE][PASSED] - Tapped on element 'Object Repository/SCM Mobile/Electric Vehicle/EV/EV Setting Save Popup Ok Button'

2017-08-24 12:30:39 - [TEST_STEP][PASSED] - Comment - "Checking Selected/UnSelected Car in the Car List DropDown": null

2017-08-24 12:30:39 - [TEST_STEP][PASSED] - tap: Tapped on element 'Object Repository/SCM Mobile/Electric Vehicle/EV/Select Car Button'

2017-08-24 12:30:42 - [MESSAGE][PASSED] - Tapped on element 'Object Repository/SCM Mobile/Electric Vehicle/EV/Select Car Button'

2017-08-24 12:30:42 - [TEST_STEP][PASSED] - Statement - lCarList1 = driver.findElementsByClassName("android.widget.CheckedTextView"): null

2017-08-24 12:30:43 - [TEST_STEP][PASSED] - Statement - println(lCarList1.size()): null

2017-08-24 12:30:43 - [TEST_STEP][PASSED] - Statement - If (bResult == false): null

2017-08-24 12:30:43 - [TEST_STEP][PASSED] - Statement - For ([index1 = 0, index1 < lCarList1.size(), (index1++)]): null

2017-08-24 12:30:43 - [TEST_STEP][PASSED] - Statement - If (lCarList1.get(index1).getText().equals(sCar)): null

2017-08-24 12:30:43 - [TEST_STEP][PASSED] - Statement - If (lCarList1.get(index1).getText().equals(sCar)): null

2017-08-24 12:30:43 - [TEST_STEP][PASSED] - Statement - If (lCarList1.get(index1).getText().equals(sCar)): null

2017-08-24 12:30:43 - [TEST_STEP][PASSED] - Statement - bResult1 = false: null

2017-08-24 12:30:43 - [TEST_STEP][PASSED] - Statement - If (bResult1 == true): null

2017-08-24 12:30:43 - [TEST_STEP][PASSED] - Statement - Else: null

2017-08-24 12:30:43 - [TEST_STEP][PASSED] - Statement - println("SomeThing is wrong, Please check EV car Add functionality manually"): null

2017-08-24 12:30:43 - [TEST_STEP][PASSED] - pressBack: Press back button successfully

2017-08-24 12:30:44 - [MESSAGE][PASSED] - Press back button successfully

2017-08-24 12:30:44 - [TEST_STEP][PASSED] - delay: Delayed 10 second(s)

2017-08-24 12:30:54 - [MESSAGE][PASSED] - Delayed 10 second(s)

2017-08-24 12:30:54 - [TEST_STEP][PASSED] - pressBack: Press back button successfully

2017-08-24 12:30:54 - [MESSAGE][PASSED] - Press back button successfully

2017-08-24 12:30:54 - [TEST_STEP][PASSED] - delay: Delayed 10 second(s)

2017-08-24 12:31:04 - [MESSAGE][PASSED] - Delayed 10 second(s)

2017-08-24 12:31:04 - [TEST_STEP][PASSED] - Statement - If (ls.get(index).getText().equals("Electric Vehicle")): Delayed 10 second(s)

2017-08-24 12:31:04 - [TEST_STEP][PASSED] - delay: Delayed 10 second(s)

2017-08-24 12:31:14 - [MESSAGE][PASSED] - Delayed 10 second(s)

2017-08-24 12:31:14 - [TEST_STEP][PASSED] - tap: Tapped on element 'Object Repository/SCM Mobile/Electric Vehicle/EV/Electric Vehicle Menu'

2017-08-24 12:31:15 - [MESSAGE][PASSED] - Tapped on element 'Object Repository/SCM Mobile/Electric Vehicle/EV/Electric Vehicle Menu'

2017-08-24 12:31:15 - [TEST_STEP][PASSED] - tap: Tapped on element 'Object Repository/SCM Mobile/Electric Vehicle/EV/Add Button'

2017-08-24 12:31:17 - [MESSAGE][PASSED] - Tapped on element 'Object Repository/SCM Mobile/Electric Vehicle/EV/Add Button'

2017-08-24 12:31:17 - [TEST_STEP][PASSED] - Statement - lCarList = driver.findElementsByClassName("android.widget.CheckedTextView"): null

2017-08-24 12:31:20 - [TEST_STEP][PASSED] - Statement - println(lCarList.size()): null

2017-08-24 12:31:20 - [TEST_STEP][PASSED] - Statement - For ([index1 = 0, index1 < 1, (index1++)]): null

2017-08-24 12:31:20 - [TEST_STEP][PASSED] - Statement - If (lCarList.get(index1).isSelected() == true): null

2017-08-24 12:31:20 - [TEST_STEP][PASSED] - Statement - Else: null

2017-08-24 12:31:20 - [TEST_STEP][PASSED] - Statement - bResult = false: null

2017-08-24 12:31:20 - [TEST_STEP][PASSED] - Statement - sCar = lCarList.get(index1).getText(): null

2017-08-24 12:31:20 - [TEST_STEP][PASSED] - Statement - lCarList.get(index1).click(): null

2017-08-24 12:31:20 - [TEST_STEP][PASSED] - Statement - println(lCarList.get(index1).getText() + " is selected"): null

2017-08-24 12:31:21 - [TEST_STEP][PASSED] - tap: Tapped on element 'Object Repository/SCM Mobile/Electric Vehicle/EV/Save Button'

2017-08-24 12:31:21 - [MESSAGE][PASSED] - Tapped on element 'Object Repository/SCM Mobile/Electric Vehicle/EV/Save Button'

2017-08-24 12:31:21 - [TEST_STEP][PASSED] - Statement - messageText = com.kms.katalon.core.mobile.keyword.MobileBuiltInKeywords.getAttribute(com.kms.katalon.core.testobject.ObjectRepository.findTestObject(SCM Mobile/Electric Vehicle/EV/EV Setting Save Text), "text", 5, CONTINUE_ON_FAILURE): Element 'Object Repository/SCM Mobile/Electric Vehicle/EV/EV Setting Save Text' has attribute 'text' is 'Your settings have been saved successfully.'

2017-08-24 12:31:23 - [MESSAGE][PASSED] - Element 'Object Repository/SCM Mobile/Electric Vehicle/EV/EV Setting Save Text' has attribute 'text' is 'Your settings have been saved successfully.'

2017-08-24 12:31:23 - [TEST_STEP][PASSED] - Statement - If (messageText.equals(null)): null

2017-08-24 12:31:23 - [TEST_STEP][PASSED] - Statement - Else: null

2017-08-24 12:31:23 - [TEST_STEP][PASSED] - Statement - If (messageText.equals("Your settings have been saved successfully.")): null

2017-08-24 12:31:23 - [TEST_STEP][PASSED] - Statement - out.println("Your EV settings have been saved successfully."): null

2017-08-24 12:31:23 - [TEST_STEP][PASSED] - tap: Tapped on element 'Object Repository/SCM Mobile/Electric Vehicle/EV/EV Setting Save Popup Ok Button'

2017-08-24 12:31:23 - [MESSAGE][PASSED] - Tapped on element 'Object Repository/SCM Mobile/Electric Vehicle/EV/EV Setting Save Popup Ok Button'

2017-08-24 12:31:23 - [TEST_STEP][PASSED] - Comment - "Checking Selected/UnSelected Car in the Car List DropDown": null

2017-08-24 12:31:23 - [TEST_STEP][PASSED] - tap: Tapped on element 'Object Repository/SCM Mobile/Electric Vehicle/EV/Select Car Button'

2017-08-24 12:31:26 - [MESSAGE][PASSED] - Tapped on element 'Object Repository/SCM Mobile/Electric Vehicle/EV/Select Car Button'

2017-08-24 12:31:26 - [TEST_STEP][PASSED] - Statement - lCarList1 = driver.findElementsByClassName("android.widget.CheckedTextView"): null

2017-08-24 12:31:27 - [TEST_STEP][PASSED] - Statement - println(lCarList1.size()): null

2017-08-24 12:31:27 - [TEST_STEP][PASSED] - Statement - If (bResult == false): null

2017-08-24 12:31:27 - [TEST_STEP][PASSED] - Statement - For ([index1 = 0, index1 < lCarList1.size(), (index1++)]): null

2017-08-24 12:31:27 - [TEST_STEP][PASSED] - Statement - If (lCarList1.get(index1).getText().equals(sCar)): null

2017-08-24 12:31:27 - [TEST_STEP][PASSED] - Statement - If (lCarList1.get(index1).getText().equals(sCar)): null

2017-08-24 12:31:27 - [TEST_STEP][PASSED] - Statement - If (bResult1 == true): null

2017-08-24 12:31:27 - [TEST_STEP][PASSED] - Statement - Else: null

2017-08-24 12:31:27 - [TEST_STEP][PASSED] - Statement - println("SomeThing is wrong, Please check EV car Add functionality manually"): null

2017-08-24 12:31:27 - [TEST_STEP][PASSED] - pressBack: Press back button successfully

2017-08-24 12:31:27 - [MESSAGE][PASSED] - Press back button successfully

2017-08-24 12:31:27 - [TEST_STEP][PASSED] - delay: Delayed 10 second(s)

2017-08-24 12:31:37 - [MESSAGE][PASSED] - Delayed 10 second(s)

2017-08-24 12:31:37 - [TEST_STEP][PASSED] - pressBack: Press back button successfully

2017-08-24 12:31:38 - [MESSAGE][PASSED] - Press back button successfully

2017-08-24 12:31:38 - [TEST_STEP][PASSED] - delay: Delayed 10 second(s)

2017-08-24 12:31:48 - [MESSAGE][PASSED] - Delayed 10 second(s)

2017-08-24 12:31:48 - [TEST_STEP][PASSED] - Statement - If (ls.get(index).getText().equals("Electric Vehicle")): null

2017-08-24 12:31:48 - [TEST_STEP][PASSED] - Statement - If (ls.get(index).getText().equals("Electric Vehicle")): null

2017-08-24 12:31:48 - [TEST_STEP][PASSED] - Statement - If (ls.get(index).getText().equals("Electric Vehicle")): null

2017-08-24 12:31:48 - [TEST_STEP][PASSED] - Statement - If (ls.get(index).getText().equals("Electric Vehicle")): null

2017-08-24 12:31:48 - [TEST_STEP][PASSED] - Statement - If (ls.get(index).getText().equals("Electric Vehicle")): null

2017-08-24 12:31:48 - [TEST_STEP][PASSED] - Statement - If (ls.get(index).getText().equals("Electric Vehicle")): null

2017-08-24 12:31:48 - [TEST_STEP][PASSED] - delay: Delayed 10 second(s)

2017-08-24 12:31:58 - [MESSAGE][PASSED] - Delayed 10 second(s)

2017-08-24 12:31:58 - [TEST_STEP][PASSED] - pressBack: Press back button successfully

2017-08-24 12:31:59 - [MESSAGE][PASSED] - Press back button successfully]]></system-out>
         <system-err><![CDATA[]]></system-err>
      </testcase>
      <system-out><![CDATA[2017-08-24 11:37:21 - [TEST_SUITE][PASSED] - Mobile Automation Test Suite: Test Cases/Electric Vehicle]]></system-out>
      <system-err><![CDATA[]]></system-err>
   </testsuite>
</testsuites>
